<!DOCTYPE html>
<html>
<head>
<meta http-equiv="Content-Type" content="text/html; charset=utf-8"/>
<meta http-equiv="x-ua-compatible" content="IE=edge"/>
<title>Test results - Class app.model.ServiceControllerTest</title>
<link href="../css/base-style.css" rel="stylesheet" type="text/css"/>
<link href="../css/style.css" rel="stylesheet" type="text/css"/>
<script src="../js/report.js" type="text/javascript"></script>
</head>
<body>
<div id="content">
<h1>Class app.model.ServiceControllerTest</h1>
<div class="breadcrumbs">
<a href="../index.html">all</a> &gt; 
<a href="../packages/app.model.html">app.model</a> &gt; ServiceControllerTest</div>
<div id="summary">
<table>
<tr>
<td>
<div class="summaryGroup">
<table>
<tr>
<td>
<div class="infoBox" id="tests">
<div class="counter">4</div>
<p>tests</p>
</div>
</td>
<td>
<div class="infoBox" id="failures">
<div class="counter">3</div>
<p>failures</p>
</div>
</td>
<td>
<div class="infoBox" id="ignored">
<div class="counter">0</div>
<p>ignored</p>
</div>
</td>
<td>
<div class="infoBox" id="duration">
<div class="counter">59.298s</div>
<p>duration</p>
</div>
</td>
</tr>
</table>
</div>
</td>
<td>
<div class="infoBox failures" id="successRate">
<div class="percent">25%</div>
<p>successful</p>
</div>
</td>
</tr>
</table>
</div>
<div id="tabs">
<ul class="tabLinks">
<li>
<a href="#tab0">Failed tests</a>
</li>
<li>
<a href="#tab1">Tests</a>
</li>
<li>
<a href="#tab2">Standard output</a>
</li>
</ul>
<div id="tab0" class="tab">
<h2>Failed tests</h2>
<div class="test">
<a name="testDelete"></a>
<h3 class="failures">testDelete</h3>
<span class="code">
<pre>java.lang.AssertionError: Status expected:&lt;200&gt; but was:&lt;405&gt;
	at org.springframework.test.util.AssertionErrors.fail(AssertionErrors.java:55)
	at org.springframework.test.util.AssertionErrors.assertEquals(AssertionErrors.java:82)
	at org.springframework.test.web.servlet.result.StatusResultMatchers.lambda$matcher$9(StatusResultMatchers.java:619)
	at org.springframework.test.web.servlet.MockMvc$1.andExpect(MockMvc.java:178)
	at app.model.ServiceControllerTest.testDelete(ServiceControllerTest.java:107)
	at java.base/jdk.internal.reflect.NativeMethodAccessorImpl.invoke0(Native Method)
	at java.base/jdk.internal.reflect.NativeMethodAccessorImpl.invoke(NativeMethodAccessorImpl.java:62)
	at java.base/jdk.internal.reflect.DelegatingMethodAccessorImpl.invoke(DelegatingMethodAccessorImpl.java:43)
	at java.base/java.lang.reflect.Method.invoke(Method.java:566)
	at org.junit.runners.model.FrameworkMethod$1.runReflectiveCall(FrameworkMethod.java:50)
	at org.junit.internal.runners.model.ReflectiveCallable.run(ReflectiveCallable.java:12)
	at org.junit.runners.model.FrameworkMethod.invokeExplosively(FrameworkMethod.java:47)
	at org.junit.internal.runners.statements.InvokeMethod.evaluate(InvokeMethod.java:17)
	at org.junit.internal.runners.statements.RunBefores.evaluate(RunBefores.java:26)
	at org.mockito.internal.runners.DefaultInternalRunner$1$1.evaluate(DefaultInternalRunner.java:44)
	at org.junit.runners.ParentRunner.runLeaf(ParentRunner.java:325)
	at org.junit.runners.BlockJUnit4ClassRunner.runChild(BlockJUnit4ClassRunner.java:78)
	at org.junit.runners.BlockJUnit4ClassRunner.runChild(BlockJUnit4ClassRunner.java:57)
	at org.junit.runners.ParentRunner$3.run(ParentRunner.java:290)
	at org.junit.runners.ParentRunner$1.schedule(ParentRunner.java:71)
	at org.junit.runners.ParentRunner.runChildren(ParentRunner.java:288)
	at org.junit.runners.ParentRunner.access$000(ParentRunner.java:58)
	at org.junit.runners.ParentRunner$2.evaluate(ParentRunner.java:268)
	at org.junit.runners.ParentRunner.run(ParentRunner.java:363)
	at org.mockito.internal.runners.DefaultInternalRunner$1.run(DefaultInternalRunner.java:74)
	at org.mockito.internal.runners.DefaultInternalRunner.run(DefaultInternalRunner.java:80)
	at org.mockito.internal.runners.StrictRunner.run(StrictRunner.java:39)
	at org.mockito.junit.MockitoJUnitRunner.run(MockitoJUnitRunner.java:163)
	at org.gradle.api.internal.tasks.testing.junit.JUnitTestClassExecutor.runTestClass(JUnitTestClassExecutor.java:110)
	at org.gradle.api.internal.tasks.testing.junit.JUnitTestClassExecutor.execute(JUnitTestClassExecutor.java:58)
	at org.gradle.api.internal.tasks.testing.junit.JUnitTestClassExecutor.execute(JUnitTestClassExecutor.java:38)
	at org.gradle.api.internal.tasks.testing.junit.AbstractJUnitTestClassProcessor.processTestClass(AbstractJUnitTestClassProcessor.java:62)
	at org.gradle.api.internal.tasks.testing.SuiteTestClassProcessor.processTestClass(SuiteTestClassProcessor.java:51)
	at java.base/jdk.internal.reflect.NativeMethodAccessorImpl.invoke0(Native Method)
	at java.base/jdk.internal.reflect.NativeMethodAccessorImpl.invoke(NativeMethodAccessorImpl.java:62)
	at java.base/jdk.internal.reflect.DelegatingMethodAccessorImpl.invoke(DelegatingMethodAccessorImpl.java:43)
	at java.base/java.lang.reflect.Method.invoke(Method.java:566)
	at org.gradle.internal.dispatch.ReflectionDispatch.dispatch(ReflectionDispatch.java:36)
	at org.gradle.internal.dispatch.ReflectionDispatch.dispatch(ReflectionDispatch.java:24)
	at org.gradle.internal.dispatch.ContextClassLoaderDispatch.dispatch(ContextClassLoaderDispatch.java:33)
	at org.gradle.internal.dispatch.ProxyDispatchAdapter$DispatchingInvocationHandler.invoke(ProxyDispatchAdapter.java:94)
	at com.sun.proxy.$Proxy2.processTestClass(Unknown Source)
	at org.gradle.api.internal.tasks.testing.worker.TestWorker.processTestClass(TestWorker.java:119)
	at java.base/jdk.internal.reflect.NativeMethodAccessorImpl.invoke0(Native Method)
	at java.base/jdk.internal.reflect.NativeMethodAccessorImpl.invoke(NativeMethodAccessorImpl.java:62)
	at java.base/jdk.internal.reflect.DelegatingMethodAccessorImpl.invoke(DelegatingMethodAccessorImpl.java:43)
	at java.base/java.lang.reflect.Method.invoke(Method.java:566)
	at org.gradle.internal.dispatch.ReflectionDispatch.dispatch(ReflectionDispatch.java:36)
	at org.gradle.internal.dispatch.ReflectionDispatch.dispatch(ReflectionDispatch.java:24)
	at org.gradle.internal.remote.internal.hub.MessageHubBackedObjectConnection$DispatchWrapper.dispatch(MessageHubBackedObjectConnection.java:182)
	at org.gradle.internal.remote.internal.hub.MessageHubBackedObjectConnection$DispatchWrapper.dispatch(MessageHubBackedObjectConnection.java:164)
	at org.gradle.internal.remote.internal.hub.MessageHub$Handler.run(MessageHub.java:414)
	at org.gradle.internal.concurrent.ExecutorPolicy$CatchAndRecordFailures.onExecute(ExecutorPolicy.java:64)
	at org.gradle.internal.concurrent.ManagedExecutorImpl$1.run(ManagedExecutorImpl.java:48)
	at java.base/java.util.concurrent.ThreadPoolExecutor.runWorker(ThreadPoolExecutor.java:1128)
	at java.base/java.util.concurrent.ThreadPoolExecutor$Worker.run(ThreadPoolExecutor.java:628)
	at org.gradle.internal.concurrent.ThreadFactoryImpl$ManagedThreadRunnable.run(ThreadFactoryImpl.java:56)
	at java.base/java.lang.Thread.run(Thread.java:834)
</pre>
</span>
</div>
<div class="test">
<a name="testGet"></a>
<h3 class="failures">testGet</h3>
<span class="code">
<pre>java.lang.AssertionError: Status expected:&lt;200&gt; but was:&lt;405&gt;
	at org.springframework.test.util.AssertionErrors.fail(AssertionErrors.java:55)
	at org.springframework.test.util.AssertionErrors.assertEquals(AssertionErrors.java:82)
	at org.springframework.test.web.servlet.result.StatusResultMatchers.lambda$matcher$9(StatusResultMatchers.java:619)
	at org.springframework.test.web.servlet.MockMvc$1.andExpect(MockMvc.java:178)
	at app.model.ServiceControllerTest.testGet(ServiceControllerTest.java:73)
	at java.base/jdk.internal.reflect.NativeMethodAccessorImpl.invoke0(Native Method)
	at java.base/jdk.internal.reflect.NativeMethodAccessorImpl.invoke(NativeMethodAccessorImpl.java:62)
	at java.base/jdk.internal.reflect.DelegatingMethodAccessorImpl.invoke(DelegatingMethodAccessorImpl.java:43)
	at java.base/java.lang.reflect.Method.invoke(Method.java:566)
	at org.junit.runners.model.FrameworkMethod$1.runReflectiveCall(FrameworkMethod.java:50)
	at org.junit.internal.runners.model.ReflectiveCallable.run(ReflectiveCallable.java:12)
	at org.junit.runners.model.FrameworkMethod.invokeExplosively(FrameworkMethod.java:47)
	at org.junit.internal.runners.statements.InvokeMethod.evaluate(InvokeMethod.java:17)
	at org.junit.internal.runners.statements.RunBefores.evaluate(RunBefores.java:26)
	at org.mockito.internal.runners.DefaultInternalRunner$1$1.evaluate(DefaultInternalRunner.java:44)
	at org.junit.runners.ParentRunner.runLeaf(ParentRunner.java:325)
	at org.junit.runners.BlockJUnit4ClassRunner.runChild(BlockJUnit4ClassRunner.java:78)
	at org.junit.runners.BlockJUnit4ClassRunner.runChild(BlockJUnit4ClassRunner.java:57)
	at org.junit.runners.ParentRunner$3.run(ParentRunner.java:290)
	at org.junit.runners.ParentRunner$1.schedule(ParentRunner.java:71)
	at org.junit.runners.ParentRunner.runChildren(ParentRunner.java:288)
	at org.junit.runners.ParentRunner.access$000(ParentRunner.java:58)
	at org.junit.runners.ParentRunner$2.evaluate(ParentRunner.java:268)
	at org.junit.runners.ParentRunner.run(ParentRunner.java:363)
	at org.mockito.internal.runners.DefaultInternalRunner$1.run(DefaultInternalRunner.java:74)
	at org.mockito.internal.runners.DefaultInternalRunner.run(DefaultInternalRunner.java:80)
	at org.mockito.internal.runners.StrictRunner.run(StrictRunner.java:39)
	at org.mockito.junit.MockitoJUnitRunner.run(MockitoJUnitRunner.java:163)
	at org.gradle.api.internal.tasks.testing.junit.JUnitTestClassExecutor.runTestClass(JUnitTestClassExecutor.java:110)
	at org.gradle.api.internal.tasks.testing.junit.JUnitTestClassExecutor.execute(JUnitTestClassExecutor.java:58)
	at org.gradle.api.internal.tasks.testing.junit.JUnitTestClassExecutor.execute(JUnitTestClassExecutor.java:38)
	at org.gradle.api.internal.tasks.testing.junit.AbstractJUnitTestClassProcessor.processTestClass(AbstractJUnitTestClassProcessor.java:62)
	at org.gradle.api.internal.tasks.testing.SuiteTestClassProcessor.processTestClass(SuiteTestClassProcessor.java:51)
	at java.base/jdk.internal.reflect.NativeMethodAccessorImpl.invoke0(Native Method)
	at java.base/jdk.internal.reflect.NativeMethodAccessorImpl.invoke(NativeMethodAccessorImpl.java:62)
	at java.base/jdk.internal.reflect.DelegatingMethodAccessorImpl.invoke(DelegatingMethodAccessorImpl.java:43)
	at java.base/java.lang.reflect.Method.invoke(Method.java:566)
	at org.gradle.internal.dispatch.ReflectionDispatch.dispatch(ReflectionDispatch.java:36)
	at org.gradle.internal.dispatch.ReflectionDispatch.dispatch(ReflectionDispatch.java:24)
	at org.gradle.internal.dispatch.ContextClassLoaderDispatch.dispatch(ContextClassLoaderDispatch.java:33)
	at org.gradle.internal.dispatch.ProxyDispatchAdapter$DispatchingInvocationHandler.invoke(ProxyDispatchAdapter.java:94)
	at com.sun.proxy.$Proxy2.processTestClass(Unknown Source)
	at org.gradle.api.internal.tasks.testing.worker.TestWorker.processTestClass(TestWorker.java:119)
	at java.base/jdk.internal.reflect.NativeMethodAccessorImpl.invoke0(Native Method)
	at java.base/jdk.internal.reflect.NativeMethodAccessorImpl.invoke(NativeMethodAccessorImpl.java:62)
	at java.base/jdk.internal.reflect.DelegatingMethodAccessorImpl.invoke(DelegatingMethodAccessorImpl.java:43)
	at java.base/java.lang.reflect.Method.invoke(Method.java:566)
	at org.gradle.internal.dispatch.ReflectionDispatch.dispatch(ReflectionDispatch.java:36)
	at org.gradle.internal.dispatch.ReflectionDispatch.dispatch(ReflectionDispatch.java:24)
	at org.gradle.internal.remote.internal.hub.MessageHubBackedObjectConnection$DispatchWrapper.dispatch(MessageHubBackedObjectConnection.java:182)
	at org.gradle.internal.remote.internal.hub.MessageHubBackedObjectConnection$DispatchWrapper.dispatch(MessageHubBackedObjectConnection.java:164)
	at org.gradle.internal.remote.internal.hub.MessageHub$Handler.run(MessageHub.java:414)
	at org.gradle.internal.concurrent.ExecutorPolicy$CatchAndRecordFailures.onExecute(ExecutorPolicy.java:64)
	at org.gradle.internal.concurrent.ManagedExecutorImpl$1.run(ManagedExecutorImpl.java:48)
	at java.base/java.util.concurrent.ThreadPoolExecutor.runWorker(ThreadPoolExecutor.java:1128)
	at java.base/java.util.concurrent.ThreadPoolExecutor$Worker.run(ThreadPoolExecutor.java:628)
	at org.gradle.internal.concurrent.ThreadFactoryImpl$ManagedThreadRunnable.run(ThreadFactoryImpl.java:56)
	at java.base/java.lang.Thread.run(Thread.java:834)
</pre>
</span>
</div>
<div class="test">
<a name="testSave"></a>
<h3 class="failures">testSave</h3>
<span class="code">
<pre>java.lang.AssertionError: Content type expected:&lt;application/json&gt; but was:&lt;application/json;charset=UTF-8&gt;
	at org.springframework.test.util.AssertionErrors.fail(AssertionErrors.java:55)
	at org.springframework.test.util.AssertionErrors.assertEquals(AssertionErrors.java:82)
	at org.springframework.test.web.servlet.result.ContentResultMatchers.lambda$contentType$0(ContentResultMatchers.java:81)
	at org.springframework.test.web.servlet.MockMvc$1.andExpect(MockMvc.java:178)
	at app.model.ServiceControllerTest.testSave(ServiceControllerTest.java:89)
	at java.base/jdk.internal.reflect.NativeMethodAccessorImpl.invoke0(Native Method)
	at java.base/jdk.internal.reflect.NativeMethodAccessorImpl.invoke(NativeMethodAccessorImpl.java:62)
	at java.base/jdk.internal.reflect.DelegatingMethodAccessorImpl.invoke(DelegatingMethodAccessorImpl.java:43)
	at java.base/java.lang.reflect.Method.invoke(Method.java:566)
	at org.junit.runners.model.FrameworkMethod$1.runReflectiveCall(FrameworkMethod.java:50)
	at org.junit.internal.runners.model.ReflectiveCallable.run(ReflectiveCallable.java:12)
	at org.junit.runners.model.FrameworkMethod.invokeExplosively(FrameworkMethod.java:47)
	at org.junit.internal.runners.statements.InvokeMethod.evaluate(InvokeMethod.java:17)
	at org.junit.internal.runners.statements.RunBefores.evaluate(RunBefores.java:26)
	at org.mockito.internal.runners.DefaultInternalRunner$1$1.evaluate(DefaultInternalRunner.java:44)
	at org.junit.runners.ParentRunner.runLeaf(ParentRunner.java:325)
	at org.junit.runners.BlockJUnit4ClassRunner.runChild(BlockJUnit4ClassRunner.java:78)
	at org.junit.runners.BlockJUnit4ClassRunner.runChild(BlockJUnit4ClassRunner.java:57)
	at org.junit.runners.ParentRunner$3.run(ParentRunner.java:290)
	at org.junit.runners.ParentRunner$1.schedule(ParentRunner.java:71)
	at org.junit.runners.ParentRunner.runChildren(ParentRunner.java:288)
	at org.junit.runners.ParentRunner.access$000(ParentRunner.java:58)
	at org.junit.runners.ParentRunner$2.evaluate(ParentRunner.java:268)
	at org.junit.runners.ParentRunner.run(ParentRunner.java:363)
	at org.mockito.internal.runners.DefaultInternalRunner$1.run(DefaultInternalRunner.java:74)
	at org.mockito.internal.runners.DefaultInternalRunner.run(DefaultInternalRunner.java:80)
	at org.mockito.internal.runners.StrictRunner.run(StrictRunner.java:39)
	at org.mockito.junit.MockitoJUnitRunner.run(MockitoJUnitRunner.java:163)
	at org.gradle.api.internal.tasks.testing.junit.JUnitTestClassExecutor.runTestClass(JUnitTestClassExecutor.java:110)
	at org.gradle.api.internal.tasks.testing.junit.JUnitTestClassExecutor.execute(JUnitTestClassExecutor.java:58)
	at org.gradle.api.internal.tasks.testing.junit.JUnitTestClassExecutor.execute(JUnitTestClassExecutor.java:38)
	at org.gradle.api.internal.tasks.testing.junit.AbstractJUnitTestClassProcessor.processTestClass(AbstractJUnitTestClassProcessor.java:62)
	at org.gradle.api.internal.tasks.testing.SuiteTestClassProcessor.processTestClass(SuiteTestClassProcessor.java:51)
	at java.base/jdk.internal.reflect.NativeMethodAccessorImpl.invoke0(Native Method)
	at java.base/jdk.internal.reflect.NativeMethodAccessorImpl.invoke(NativeMethodAccessorImpl.java:62)
	at java.base/jdk.internal.reflect.DelegatingMethodAccessorImpl.invoke(DelegatingMethodAccessorImpl.java:43)
	at java.base/java.lang.reflect.Method.invoke(Method.java:566)
	at org.gradle.internal.dispatch.ReflectionDispatch.dispatch(ReflectionDispatch.java:36)
	at org.gradle.internal.dispatch.ReflectionDispatch.dispatch(ReflectionDispatch.java:24)
	at org.gradle.internal.dispatch.ContextClassLoaderDispatch.dispatch(ContextClassLoaderDispatch.java:33)
	at org.gradle.internal.dispatch.ProxyDispatchAdapter$DispatchingInvocationHandler.invoke(ProxyDispatchAdapter.java:94)
	at com.sun.proxy.$Proxy2.processTestClass(Unknown Source)
	at org.gradle.api.internal.tasks.testing.worker.TestWorker.processTestClass(TestWorker.java:119)
	at java.base/jdk.internal.reflect.NativeMethodAccessorImpl.invoke0(Native Method)
	at java.base/jdk.internal.reflect.NativeMethodAccessorImpl.invoke(NativeMethodAccessorImpl.java:62)
	at java.base/jdk.internal.reflect.DelegatingMethodAccessorImpl.invoke(DelegatingMethodAccessorImpl.java:43)
	at java.base/java.lang.reflect.Method.invoke(Method.java:566)
	at org.gradle.internal.dispatch.ReflectionDispatch.dispatch(ReflectionDispatch.java:36)
	at org.gradle.internal.dispatch.ReflectionDispatch.dispatch(ReflectionDispatch.java:24)
	at org.gradle.internal.remote.internal.hub.MessageHubBackedObjectConnection$DispatchWrapper.dispatch(MessageHubBackedObjectConnection.java:182)
	at org.gradle.internal.remote.internal.hub.MessageHubBackedObjectConnection$DispatchWrapper.dispatch(MessageHubBackedObjectConnection.java:164)
	at org.gradle.internal.remote.internal.hub.MessageHub$Handler.run(MessageHub.java:414)
	at org.gradle.internal.concurrent.ExecutorPolicy$CatchAndRecordFailures.onExecute(ExecutorPolicy.java:64)
	at org.gradle.internal.concurrent.ManagedExecutorImpl$1.run(ManagedExecutorImpl.java:48)
	at java.base/java.util.concurrent.ThreadPoolExecutor.runWorker(ThreadPoolExecutor.java:1128)
	at java.base/java.util.concurrent.ThreadPoolExecutor$Worker.run(ThreadPoolExecutor.java:628)
	at org.gradle.internal.concurrent.ThreadFactoryImpl$ManagedThreadRunnable.run(ThreadFactoryImpl.java:56)
	at java.base/java.lang.Thread.run(Thread.java:834)
</pre>
</span>
</div>
</div>
<div id="tab1" class="tab">
<h2>Tests</h2>
<table>
<thead>
<tr>
<th>Test</th>
<th>Duration</th>
<th>Result</th>
</tr>
</thead>
<tr>
<td class="failures">testDelete</td>
<td class="failures">1.395s</td>
<td class="failures">failed</td>
</tr>
<tr>
<td class="failures">testGet</td>
<td class="failures">50.924s</td>
<td class="failures">failed</td>
</tr>
<tr>
<td class="failures">testSave</td>
<td class="failures">4.234s</td>
<td class="failures">failed</td>
</tr>
<tr>
<td class="success">testUpdate</td>
<td class="success">2.745s</td>
<td class="success">passed</td>
</tr>
</table>
</div>
<div id="tab2" class="tab">
<h2>Standard output</h2>
<span class="code">
<pre>12:34:50.710 [Test worker] DEBUG org.springframework.core.env.StandardEnvironment - Adding PropertySource 'systemProperties' with lowest search precedence
12:34:50.894 [Test worker] DEBUG org.springframework.core.env.StandardEnvironment - Adding PropertySource 'systemEnvironment' with lowest search precedence
12:34:50.915 [Test worker] DEBUG org.springframework.core.env.StandardEnvironment - Initialized StandardEnvironment with PropertySources [MapPropertySource@726256924 {name='systemProperties', properties={sun.desktop=windows, awt.toolkit=sun.awt.windows.WToolkit, java.specification.version=11, sun.cpu.isalist=amd64, sun.jnu.encoding=Cp1252, org.gradle.test.worker=5, java.class.path=C:\\Users\\Isaac\\.gradle\\caches\\6.9\\workerMain\\gradle-worker.jar;C:\\Users\\Isaac\\Documents\\gradle.sample.project\\build\\classes\\java\\test;C:\\Users\\Isaac\\Documents\\gradle.sample.project\\build\\resources\\test;C:\\Users\\Isaac\\Documents\\gradle.sample.project\\build\\classes\\java\\main;C:\\Users\\Isaac\\Documents\\gradle.sample.project\\build\\resources\\main;C:\\Users\\Isaac\\.gradle\\caches\\modules-2\\files-2.1\\org.springframework.boot\\spring-boot-starter-web\\2.0.5.RELEASE\\52daa1f1509bd637a737206e54c06a17aabb9504\\spring-boot-starter-web-2.0.5.RELEASE.jar;C:\\Users\\Isaac\\.gradle\\caches\\modules-2\\files-2.1\\javax.servlet\\javax.servlet-api\\3.1.0\\3cd63d075497751784b2fa84be59432f4905bf7c\\javax.servlet-api-3.1.0.jar;C:\\Users\\Isaac\\.gradle\\caches\\modules-2\\files-2.1\\org.springframework\\spring-webmvc\\5.0.9.RELEASE\\c18346caaeb8dc648c4cc01874996fd9fef76664\\spring-webmvc-5.0.9.RELEASE.jar;C:\\Users\\Isaac\\.gradle\\caches\\modules-2\\files-2.1\\org.springframework.boot\\spring-boot-starter-json\\2.0.5.RELEASE\\d0052ded4733ceb1fb7d927238f22f9a92099227\\spring-boot-starter-json-2.0.5.RELEASE.jar;C:\\Users\\Isaac\\.gradle\\caches\\modules-2\\files-2.1\\com.fasterxml.jackson.datatype\\jackson-datatype-jdk8\\2.9.6\\456895fc91bf7180b216fead220373e6278230c9\\jackson-datatype-jdk8-2.9.6.jar;C:\\Users\\Isaac\\.gradle\\caches\\modules-2\\files-2.1\\com.fasterxml.jackson.datatype\\jackson-datatype-jsr310\\2.9.6\\ea54f6193d224e5e5732bbd4262327eb465397c2\\jackson-datatype-jsr310-2.9.6.jar;C:\\Users\\Isaac\\.gradle\\caches\\modules-2\\files-2.1\\com.fasterxml.jackson.module\\jackson-module-parameter-names\\2.9.6\\129acd77a4b6ee30d62d3a0899b1344c8ec2bff8\\jackson-module-parameter-names-2.9.6.jar;C:\\Users\\Isaac\\.gradle\\caches\\modules-2\\files-2.1\\com.fasterxml.jackson.core\\jackson-databind\\2.9.6\\cfa4f316351a91bfd95cb0644c6a2c95f52db1fc\\jackson-databind-2.9.6.jar;C:\\Users\\Isaac\\.gradle\\caches\\modules-2\\files-2.1\\net.bytebuddy\\byte-buddy-dep\\1.10.14\\f2b9bda03a184c5238b62a150a0af4c95a6aa86b\\byte-buddy-dep-1.10.14.jar;C:\\Users\\Isaac\\.gradle\\caches\\modules-2\\files-2.1\\org.springframework.boot\\spring-boot-starter-test\\2.0.5.RELEASE\\ab04ca2e76f6a8e786001352a81a10e4b0e7fbc8\\spring-boot-starter-test-2.0.5.RELEASE.jar;C:\\Users\\Isaac\\.gradle\\caches\\modules-2\\files-2.1\\org.mockito\\mockito-junit-jupiter\\3.7.7\\bfc1de0638562399c49216d9035df32d58335e59\\mockito-junit-jupiter-3.7.7.jar;C:\\Users\\Isaac\\.gradle\\caches\\modules-2\\files-2.1\\org.mockito\\mockito-core\\2.28.2\\91110215a8cb9b77a46e045ee758f77d79167cc0\\mockito-core-2.28.2.jar;C:\\Users\\Isaac\\.gradle\\caches\\modules-2\\files-2.1\\com.jayway.jsonpath\\json-path-assert\\2.4.0\\7f0af70880604c03cfcaf7e830d776b87ecf729d\\json-path-assert-2.4.0.jar;C:\\Users\\Isaac\\.gradle\\caches\\modules-2\\files-2.1\\com.jayway.jsonpath\\json-path\\2.4.0\\765a4401ceb2dc8d40553c2075eb80a8fa35c2ae\\json-path-2.4.0.jar;C:\\Users\\Isaac\\.gradle\\caches\\modules-2\\files-2.1\\org.hamcrest\\hamcrest\\2.1\\9420ba32c29217b54eebd26ff7f9234d31c3fbb2\\hamcrest-2.1.jar;C:\\Users\\Isaac\\.gradle\\caches\\modules-2\\files-2.1\\org.junit.platform\\junit-platform-engine\\1.7.1\\d276a968c57f5d60a421dedd1f8b6ca2fae09e86\\junit-platform-engine-1.7.1.jar;C:\\Users\\Isaac\\.gradle\\caches\\modules-2\\files-2.1\\org.junit.platform\\junit-platform-commons\\1.7.1\\7c49f0074842d07f4335de2389d624a7437d1407\\junit-platform-commons-1.7.1.jar;C:\\Users\\Isaac\\.gradle\\caches\\modules-2\\files-2.1\\org.junit.jupiter\\junit-jupiter-engine\\5.7.1\\7fcfa59c5533abb41f86b1408960737eeaf1f49f\\junit-jupiter-engine-5.7.1.jar;C:\\Users\\Isaac\\.gradle\\caches\\modules-2\\files-2.1\\org.junit.jupiter\\junit-jupiter-api\\5.7.1\\a7261dff44e64aea7f621842eac5977fd6d2412d\\junit-jupiter-api-5.7.1.jar;C:\\Users\\Isaac\\.gradle\\caches\\modules-2\\files-2.1\\org.springframework.boot\\spring-boot-starter\\2.0.5.RELEASE\\1f53487a373be18d064a5815e9bac9882ef15cdc\\spring-boot-starter-2.0.5.RELEASE.jar;C:\\Users\\Isaac\\.gradle\\caches\\modules-2\\files-2.1\\org.springframework.boot\\spring-boot-starter-tomcat\\2.0.5.RELEASE\\eaac8a5d73b45400bc88cd7f6b5c99b5f0d5e9b7\\spring-boot-starter-tomcat-2.0.5.RELEASE.jar;C:\\Users\\Isaac\\.gradle\\caches\\modules-2\\files-2.1\\org.hibernate.validator\\hibernate-validator\\6.0.12.Final\\478003e61b056c1f97840ba3e62ff31cdc89597\\hibernate-validator-6.0.12.Final.jar;C:\\Users\\Isaac\\.gradle\\caches\\modules-2\\files-2.1\\org.springframework\\spring-web\\5.0.9.RELEASE\\1ea3aab93340849313fa74ec626ddaf1fff9ed8e\\spring-web-5.0.9.RELEASE.jar;C:\\Users\\Isaac\\.gradle\\caches\\modules-2\\files-2.1\\org.springframework.boot\\spring-boot-test-autoconfigure\\2.0.5.RELEASE\\54d5e8f9e88c6236fe164474f0aed5a8a1052c43\\spring-boot-test-autoconfigure-2.0.5.RELEASE.jar;C:\\Users\\Isaac\\.gradle\\caches\\modules-2\\files-2.1\\org.springframework.boot\\spring-boot-test\\2.0.5.RELEASE\\ce6353f33217982357a6bdba6576015ea333304c\\spring-boot-test-2.0.5.RELEASE.jar;C:\\Users\\Isaac\\.gradle\\caches\\modules-2\\files-2.1\\org.springframework.boot\\spring-boot-autoconfigure\\2.0.5.RELEASE\\e5588642799e0c0c04638e255c3d3f31ba400ff4\\spring-boot-autoconfigure-2.0.5.RELEASE.jar;C:\\Users\\Isaac\\.gradle\\caches\\modules-2\\files-2.1\\org.springframework.boot\\spring-boot\\2.0.5.RELEASE\\19a4624cbd89a318d10c79f289c6c816043850fb\\spring-boot-2.0.5.RELEASE.jar;C:\\Users\\Isaac\\.gradle\\caches\\modules-2\\files-2.1\\org.springframework\\spring-context\\5.0.9.RELEASE\\2501e55acb6c2e84667cda3f845d1d00a0dc4e05\\spring-context-5.0.9.RELEASE.jar;C:\\Users\\Isaac\\.gradle\\caches\\modules-2\\files-2.1\\org.springframework\\spring-aop\\5.0.9.RELEASE\\98003b099697fe46b6bdf18c7e3f66d7a1381060\\spring-aop-5.0.9.RELEASE.jar;C:\\Users\\Isaac\\.gradle\\caches\\modules-2\\files-2.1\\org.springframework\\spring-beans\\5.0.9.RELEASE\\65f56fdab1bb90ad059e314d2f2f4cf76f9bdbde\\spring-beans-5.0.9.RELEASE.jar;C:\\Users\\Isaac\\.gradle\\caches\\modules-2\\files-2.1\\org.springframework\\spring-expression\\5.0.9.RELEASE\\1f9db5ff3a758102c0434cc3457aa47c50c39a4a\\spring-expression-5.0.9.RELEASE.jar;C:\\Users\\Isaac\\.gradle\\caches\\modules-2\\files-2.1\\org.springframework\\spring-test\\5.0.9.RELEASE\\218c8648f898453be92d550252e0ce2a84b54375\\spring-test-5.0.9.RELEASE.jar;C:\\Users\\Isaac\\.gradle\\caches\\modules-2\\files-2.1\\org.springframework\\spring-core\\5.0.9.RELEASE\\9f9a828936d81afd49a603bda9cc1aed863a0d85\\spring-core-5.0.9.RELEASE.jar;C:\\Users\\Isaac\\.gradle\\caches\\modules-2\\files-2.1\\com.fasterxml.jackson.core\\jackson-annotations\\2.9.0\\7c10d545325e3a6e72e06381afe469fd40eb701\\jackson-annotations-2.9.0.jar;C:\\Users\\Isaac\\.gradle\\caches\\modules-2\\files-2.1\\com.fasterxml.jackson.core\\jackson-core\\2.9.6\\4e393793c37c77e042ccc7be5a914ae39251b365\\jackson-core-2.9.6.jar;C:\\Users\\Isaac\\.gradle\\caches\\modules-2\\files-2.1\\org.ow2.asm\\asm-commons\\8.0.1\\19c7ba355f0737815205518e332a8dc08b417c6\\asm-commons-8.0.1.jar;C:\\Users\\Isaac\\.gradle\\caches\\modules-2\\files-2.1\\net.minidev\\json-smart\\2.3\\7396407491352ce4fa30de92efb158adb76b5b\\json-smart-2.3.jar;C:\\Users\\Isaac\\.gradle\\caches\\modules-2\\files-2.1\\net.minidev\\accessors-smart\\1.2\\c592b500269bfde36096641b01238a8350f8aa31\\accessors-smart-1.2.jar;C:\\Users\\Isaac\\.gradle\\caches\\modules-2\\files-2.1\\org.ow2.asm\\asm\\8.0.1\\3f5199523fb95304b44563f5d56d9f5a07270669\\asm-8.0.1.jar;C:\\Users\\Isaac\\.gradle\\caches\\modules-2\\files-2.1\\junit\\junit\\4.12\\2973d150c0dc1fefe998f834810d68f278ea58ec\\junit-4.12.jar;C:\\Users\\Isaac\\.gradle\\caches\\modules-2\\files-2.1\\org.assertj\\assertj-core\\3.9.1\\c5ce126b15f28d56cd8f960c1a6a058b9c9aea87\\assertj-core-3.9.1.jar;C:\\Users\\Isaac\\.gradle\\caches\\modules-2\\files-2.1\\org.hamcrest\\hamcrest-library\\1.3\\4785a3c21320980282f9f33d0d1264a69040538f\\hamcrest-library-1.3.jar;C:\\Users\\Isaac\\.gradle\\caches\\modules-2\\files-2.1\\org.hamcrest\\hamcrest-core\\1.3\\42a25dc3219429f0e5d060061f71acb49bf010a0\\hamcrest-core-1.3.jar;C:\\Users\\Isaac\\.gradle\\caches\\modules-2\\files-2.1\\org.skyscreamer\\jsonassert\\1.5.0\\6c9d5fe2f59da598d9aefc1cfc6528ff3cf32df3\\jsonassert-1.5.0.jar;C:\\Users\\Isaac\\.gradle\\caches\\modules-2\\files-2.1\\org.xmlunit\\xmlunit-core\\2.5.1\\4ffdb346572a7356f7521cd3119ce5287d2e339d\\xmlunit-core-2.5.1.jar;C:\\Users\\Isaac\\.gradle\\caches\\modules-2\\files-2.1\\net.bytebuddy\\byte-buddy\\1.7.11\\f02857a4e2c66ccbe7aaad6100a0a6c461bce9b3\\byte-buddy-1.7.11.jar;C:\\Users\\Isaac\\.gradle\\caches\\modules-2\\files-2.1\\net.bytebuddy\\byte-buddy-agent\\1.7.11\\b425a8933ca07edd03c6dbc8bc3b595fba9780de\\byte-buddy-agent-1.7.11.jar;C:\\Users\\Isaac\\.gradle\\caches\\modules-2\\files-2.1\\org.objenesis\\objenesis\\2.6\\639033469776fd37c08358c6b92a4761feb2af4b\\objenesis-2.6.jar;C:\\Users\\Isaac\\.gradle\\caches\\modules-2\\files-2.1\\org.springframework.boot\\spring-boot-starter-logging\\2.0.5.RELEASE\\c353e0b9591d0765c687ff0a678478cbebfd5c23\\spring-boot-starter-logging-2.0.5.RELEASE.jar;C:\\Users\\Isaac\\.gradle\\caches\\modules-2\\files-2.1\\ch.qos.logback\\logback-classic\\1.2.3\\7c4f3c474fb2c041d8028740440937705ebb473a\\logback-classic-1.2.3.jar;C:\\Users\\Isaac\\.gradle\\caches\\modules-2\\files-2.1\\org.apache.logging.log4j\\log4j-to-slf4j\\2.10.0\\f7e631ccf49cfc0aefa4a2a728da7d374c05bd3c\\log4j-to-slf4j-2.10.0.jar;C:\\Users\\Isaac\\.gradle\\caches\\modules-2\\files-2.1\\org.slf4j\\jul-to-slf4j\\1.7.25\\af5364cd6679bfffb114f0dec8a157aaa283b76\\jul-to-slf4j-1.7.25.jar;C:\\Users\\Isaac\\.gradle\\caches\\modules-2\\files-2.1\\org.slf4j\\slf4j-api\\1.7.25\\da76ca59f6a57ee3102f8f9bd9cee742973efa8a\\slf4j-api-1.7.25.jar;C:\\Users\\Isaac\\.gradle\\caches\\modules-2\\files-2.1\\org.apiguardian\\apiguardian-api\\1.1.0\\fc9dff4bb36d627bdc553de77e1f17efd790876c\\apiguardian-api-1.1.0.jar;C:\\Users\\Isaac\\.gradle\\caches\\modules-2\\files-2.1\\org.opentest4j\\opentest4j\\1.2.0\\28c11eb91f9b6d8e200631d46e20a7f407f2a046\\opentest4j-1.2.0.jar;C:\\Users\\Isaac\\.gradle\\caches\\modules-2\\files-2.1\\javax.annotation\\javax.annotation-api\\1.3.2\\934c04d3cfef185a8008e7bf34331b79730a9d43\\javax.annotation-api-1.3.2.jar;C:\\Users\\Isaac\\.gradle\\caches\\modules-2\\files-2.1\\org.yaml\\snakeyaml\\1.19\\2d998d3d674b172a588e54ab619854d073f555b5\\snakeyaml-1.19.jar;C:\\Users\\Isaac\\.gradle\\caches\\modules-2\\files-2.1\\org.apache.tomcat.embed\\tomcat-embed-websocket\\8.5.34\\5f86906367c2540b21e6aeecc277d2ce9ec939b0\\tomcat-embed-websocket-8.5.34.jar;C:\\Users\\Isaac\\.gradle\\caches\\modules-2\\files-2.1\\org.apache.tomcat.embed\\tomcat-embed-core\\8.5.34\\a038040d68a90397f95dd1e11b979fe364a5000f\\tomcat-embed-core-8.5.34.jar;C:\\Users\\Isaac\\.gradle\\caches\\modules-2\\files-2.1\\org.apache.tomcat.embed\\tomcat-embed-el\\8.5.34\\be71a9a5bdd001db7cf97c47429eec0bdd3b7b88\\tomcat-embed-el-8.5.34.jar;C:\\Users\\Isaac\\.gradle\\caches\\modules-2\\files-2.1\\javax.validation\\validation-api\\2.0.1.Final\\cb855558e6271b1b32e716d24cb85c7f583ce09e\\validation-api-2.0.1.Final.jar;C:\\Users\\Isaac\\.gradle\\caches\\modules-2\\files-2.1\\org.jboss.logging\\jboss-logging\\3.3.2.Final\\3789d00e859632e6c6206adc0c71625559e6e3b0\\jboss-logging-3.3.2.Final.jar;C:\\Users\\Isaac\\.gradle\\caches\\modules-2\\files-2.1\\com.fasterxml\\classmate\\1.3.4\\3d5f48f10bbe4eb7bd862f10c0583be2e0053c6\\classmate-1.3.4.jar;C:\\Users\\Isaac\\.gradle\\caches\\modules-2\\files-2.1\\org.springframework\\spring-jcl\\5.0.9.RELEASE\\bc3b5aaae53f0bc03647e53ecbd98a05b47a4e90\\spring-jcl-5.0.9.RELEASE.jar;C:\\Users\\Isaac\\.gradle\\caches\\modules-2\\files-2.1\\com.vaadin.external.google\\android-json\\0.0.20131108.vaadin1\\fa26d351fe62a6a17f5cda1287c1c6110dec413f\\android-json-0.0.20131108.vaadin1.jar;C:\\Users\\Isaac\\.gradle\\caches\\modules-2\\files-2.1\\ch.qos.logback\\logback-core\\1.2.3\\864344400c3d4d92dfeb0a305dc87d953677c03c\\logback-core-1.2.3.jar;C:\\Users\\Isaac\\.gradle\\caches\\modules-2\\files-2.1\\org.apache.logging.log4j\\log4j-api\\2.10.0\\fec5797a55b786184a537abd39c3fa1449d752d6\\log4j-api-2.10.0.jar, java.vm.vendor=Oracle Corporation, sun.arch.data.model=64, user.variant=, java.vendor.url=https://openjdk.java.net/, user.timezone=Africa/Luanda, os.name=Windows 10, java.vm.specification.version=11, user.country=US, sun.java.launcher=SUN_STANDARD, sun.boot.library.path=C:\Program Files\Java\jdk-11.0.8\bin, sun.java.command=worker.org.gradle.process.internal.worker.GradleWorkerMain 'Gradle Test Executor 5', jdk.debug=release, sun.cpu.endian=little, user.home=C:\Users\Isaac, user.language=en, java.specification.vendor=Oracle Corporation, org.gradle.native=false, java.version.date=2020-07-14, java.home=C:\Program Files\Java\jdk-11.0.8, file.separator=\, java.vm.compressedOopsMode=32-bit, line.separator=
, java.specification.name=Java Platform API Specification, java.vm.specification.vendor=Oracle Corporation, java.awt.graphicsenv=sun.awt.Win32GraphicsEnvironment, user.script=, sun.management.compiler=HotSpot 64-Bit Tiered Compilers, java.runtime.version=11.0.8+10-LTS, user.name=Isaac, path.separator=;, os.version=10.0, java.runtime.name=Java(TM) SE Runtime Environment, file.encoding=windows-1252, java.vm.name=Java HotSpot(TM) 64-Bit Server VM, java.vendor.version=18.9, java.vendor.url.bug=https://bugreport.java.com/bugreport/, java.io.tmpdir=C:\Users\Isaac\AppData\Local\Temp\, java.version=11.0.8, user.dir=C:\Users\Isaac\Documents\gradle.sample.project, os.arch=amd64, java.vm.specification.name=Java Virtual Machine Specification, java.awt.printerjob=sun.awt.windows.WPrinterJob, sun.os.patch.level=, java.library.path=C:\Program Files\Java\jdk-11.0.8\bin;C:\Windows\Sun\Java\bin;C:\Windows\system32;C:\Windows;C:\Python38\Scripts\;C:\Python38\;C:\Windows\system32;C:\Windows;C:\Windows\System32\Wbem;C:\Windows\System32\WindowsPowerShell\v1.0\;C:\Windows\System32\OpenSSH\;C:\Program Files (x86)\codeblocks\MinGW\bin;C:\Program Files\dotnet\;C:\Gradle\gradle-6.9\bin;C:\Program Files (x86)\sqlite;C:\Program Files (x86)\Inno Setup 6;C:\Program Files (x86)\WiX Toolset v3.11\bin;C:\flutter\bin;C:\Program Files\MySQL\MySQL Server 8.0\bin;C:\Program Files\PostgreSQL\12\bin;C:\Program Files\PuTTY\;C:\Program Files\NetBeans-11.1\netbeans\java\maven\bin;C:\Program Files\Java\scripts;C:\Program Files\nodejs\;C:\ProgramData\chocolatey\bin;C:\ProgramData\Anaconda3\condabin\;C:\Program Files\Tesseract-OCR;C:\Program Files\Git\cmd;C:\Program Files (x86)\Gpg4win\..\GnuPG\bin;C:\Python38\Scripts\;C:\Python38\;C:\Windows\system32;C:\Windows;C:\Windows\System32\Wbem;C:\Windows\System32\WindowsPowerShell\v1.0\;C:\Windows\System32\OpenSSH\;C:\Program Files (x86)\codeblocks\MinGW\bin;C:\Program Files\dotnet\;C:\Gradle\gradle-6.9\bin;C:\Program Files (x86)\sqlite;C:\Program Files (x86)\Inno Setup 6;C:\Program Files (x86)\WiX Toolset v3.11\bin;C:\flutter\bin;C:\Program Files\MySQL\MySQL Server 8.0\bin;C:\Program Files\PostgreSQL\12\bin;C:\Program Files\PuTTY\;C:\Program Files\NetBeans-11.1\netbeans\java\maven\bin;C:\Program Files\Java\scripts;C:\Program Files\nodejs\;C:\ProgramData\chocolatey\bin;C:\ProgramData\Anaconda3\condabin\;C:\Program Files\Tesseract-OCR;C:\Program Files\Git\cmd;C:\Program Files (x86)\Gpg4win\..\GnuPG\bin;C:\Users\Isaac\AppData\Local\Programs\Microsoft VS Code\bin;C:\cygwin64\bin;C:\Program Files\Java\jdk-11.0.8\bin;C:\Users\Isaac\AppData\Roaming\npm;C:\Users\Isaac\DKsources\convert\;;., java.vendor=Oracle Corporation, java.vm.info=mixed mode, java.vm.version=11.0.8+10-LTS, sun.io.unicode.encoding=UnicodeLittle, java.class.version=55.0}}, SystemEnvironmentPropertySource@1365048577 {name='systemEnvironment', properties={USERDOMAIN_ROAMINGPROFILE=SCRIPT, PROCESSOR_LEVEL=6, SESSIONNAME=Console, ALLUSERSPROFILE=C:\ProgramData, PROCESSOR_ARCHITECTURE=AMD64, PSModulePath=C:\Program Files\WindowsPowerShell\Modules;C:\Windows\system32\WindowsPowerShell\v1.0\Modules, SystemDrive=C:, MOZ_PLUGIN_PATH=C:\Program Files (x86)\Foxit Software\Foxit Reader\plugins\, DIRNAME=C:\Gradle\gradle-6.9\bin\, USERNAME=Isaac, ProgramFiles(x86)=C:\Program Files (x86), APP_HOME=C:\Gradle\gradle-6.9, DEFAULT_JVM_OPTS=&quot;-Xmx64m&quot; &quot;-Xms64m&quot;, PATHEXT=.COM;.EXE;.BAT;.CMD;.VBS;.VBE;.JS;.JSE;.WSF;.WSH;.MSC;.PY;.PYW, DriverData=C:\Windows\System32\Drivers\DriverData, PGDATA=C:\Program Files\PostgreSQL\12\data, ProgramData=C:\ProgramData, ProgramW6432=C:\Program Files, HOMEPATH=\Users\Isaac, PROCESSOR_IDENTIFIER=Intel64 Family 6 Model 55 Stepping 8, GenuineIntel, ProgramFiles=C:\Program Files, PUBLIC=C:\Users\Public, windir=C:\Windows, =::=::\, LOCALAPPDATA=C:\Users\Isaac\AppData\Local, ChocolateyLastPathUpdate=132460555976670753, USERDOMAIN=SCRIPT, LOGONSERVER=\\SCRIPT, JAVA_HOME=C:\Program Files\Java\jdk-11.0.8, PROMPT=$P$G, OneDrive=C:\Users\Isaac\OneDrive, QT_DEVICE_PIXEL_RATIO=auto, =C:=C:\Users\Isaac\Documents\gradle.sample.project, APPDATA=C:\Users\Isaac\AppData\Roaming, JAVA_EXE=C:\Program Files\Java\jdk-11.0.8/bin/java.exe, ChocolateyInstall=C:\ProgramData\chocolatey, CommonProgramFiles=C:\Program Files\Common Files, Path=C:\Python38\Scripts\;C:\Python38\;C:\Windows\system32;C:\Windows;C:\Windows\System32\Wbem;C:\Windows\System32\WindowsPowerShell\v1.0\;C:\Windows\System32\OpenSSH\;C:\Program Files (x86)\codeblocks\MinGW\bin;C:\Program Files\dotnet\;C:\Gradle\gradle-6.9\bin;C:\Program Files (x86)\sqlite;C:\Program Files (x86)\Inno Setup 6;C:\Program Files (x86)\WiX Toolset v3.11\bin;C:\flutter\bin;C:\Program Files\MySQL\MySQL Server 8.0\bin;C:\Program Files\PostgreSQL\12\bin;C:\Program Files\PuTTY\;C:\Program Files\NetBeans-11.1\netbeans\java\maven\bin;C:\Program Files\Java\scripts;C:\Program Files\nodejs\;C:\ProgramData\chocolatey\bin;C:\ProgramData\Anaconda3\condabin\;C:\Program Files\Tesseract-OCR;C:\Program Files\Git\cmd;C:\Program Files (x86)\Gpg4win\..\GnuPG\bin;C:\Python38\Scripts\;C:\Python38\;C:\Windows\system32;C:\Windows;C:\Windows\System32\Wbem;C:\Windows\System32\WindowsPowerShell\v1.0\;C:\Windows\System32\OpenSSH\;C:\Program Files (x86)\codeblocks\MinGW\bin;C:\Program Files\dotnet\;C:\Gradle\gradle-6.9\bin;C:\Program Files (x86)\sqlite;C:\Program Files (x86)\Inno Setup 6;C:\Program Files (x86)\WiX Toolset v3.11\bin;C:\flutter\bin;C:\Program Files\MySQL\MySQL Server 8.0\bin;C:\Program Files\PostgreSQL\12\bin;C:\Program Files\PuTTY\;C:\Program Files\NetBeans-11.1\netbeans\java\maven\bin;C:\Program Files\Java\scripts;C:\Program Files\nodejs\;C:\ProgramData\chocolatey\bin;C:\ProgramData\Anaconda3\condabin\;C:\Program Files\Tesseract-OCR;C:\Program Files\Git\cmd;C:\Program Files (x86)\Gpg4win\..\GnuPG\bin;C:\Users\Isaac\AppData\Local\Programs\Microsoft VS Code\bin;C:\cygwin64\bin;C:\Program Files\Java\jdk-11.0.8\bin;C:\Users\Isaac\AppData\Roaming\npm;C:\Users\Isaac\DKsources\convert\;, PT7HOME=C:\Program Files\Cisco Packet Tracer 7.2.1, OS=Windows_NT, COMPUTERNAME=SCRIPT, PROCESSOR_REVISION=3708, CLASSPATH=C:\Gradle\gradle-6.9\lib\gradle-launcher-6.9.jar, CommonProgramW6432=C:\Program Files\Common Files, ComSpec=C:\Windows\system32\cmd.exe, APP_BASE_NAME=gradle, SystemRoot=C:\Windows, TEMP=C:\Users\Isaac\AppData\Local\Temp, HOMEDRIVE=C:, USERPROFILE=C:\Users\Isaac, TMP=C:\Users\Isaac\AppData\Local\Temp, CommonProgramFiles(x86)=C:\Program Files (x86)\Common Files, NUMBER_OF_PROCESSORS=2}}]
12:34:54.343 [Test worker] DEBUG org.springframework.web.servlet.mvc.method.annotation.RequestMappingHandlerMapping - Looking for request mappings in application context: org.springframework.test.web.servlet.setup.StubWebApplicationContext@35374b69
12:34:54.862 [Test worker] DEBUG org.springframework.web.servlet.mvc.method.annotation.RequestMappingHandlerMapping - 4 request handler methods found on class app.controller.ServiceController: {public app.rest.RestResponse app.controller.ServiceController.getUser(int)={[/{id}],methods=[GET],produces=[application/json]}, public app.rest.RestResponse app.controller.ServiceController.saveUser(app.model.User)={[],methods=[POST],produces=[application/json]}, public app.rest.RestResponse app.controller.ServiceController.deleteUser(int)={[/{id}],methods=[DELETE],produces=[application/json]}, public app.rest.RestResponse app.controller.ServiceController.updateUser(app.model.User)={[],methods=[PUT],produces=[application/json]}}
12:34:54.964 [Test worker] INFO org.springframework.web.servlet.mvc.method.annotation.RequestMappingHandlerMapping - Mapped &quot;{[/{id}],methods=[GET],produces=[application/json]}&quot; onto public app.rest.RestResponse&lt;app.model.User&gt; app.controller.ServiceController.getUser(int)
12:34:54.976 [Test worker] INFO org.springframework.web.servlet.mvc.method.annotation.RequestMappingHandlerMapping - Mapped &quot;{[],methods=[POST],produces=[application/json]}&quot; onto public app.rest.RestResponse app.controller.ServiceController.saveUser(app.model.User)
12:34:54.976 [Test worker] INFO org.springframework.web.servlet.mvc.method.annotation.RequestMappingHandlerMapping - Mapped &quot;{[/{id}],methods=[DELETE],produces=[application/json]}&quot; onto public app.rest.RestResponse app.controller.ServiceController.deleteUser(int)
12:34:54.986 [Test worker] INFO org.springframework.web.servlet.mvc.method.annotation.RequestMappingHandlerMapping - Mapped &quot;{[],methods=[PUT],produces=[application/json]}&quot; onto public app.rest.RestResponse app.controller.ServiceController.updateUser(app.model.User)
12:35:06.869 [Test worker] DEBUG org.jboss.logging - Logging Provider: org.jboss.logging.Log4j2LoggerProvider
12:35:06.920 [Test worker] INFO org.hibernate.validator.internal.util.Version - HV000001: Hibernate Validator 6.0.12.Final
12:35:07.452 [Test worker] DEBUG org.hibernate.validator.internal.engine.resolver.TraversableResolvers - Cannot find javax.persistence.Persistence on classpath. Assuming non JPA 2 environment. All properties will per default be traversable.
12:35:08.424 [Test worker] DEBUG org.hibernate.validator.messageinterpolation.ResourceBundleMessageInterpolator - Loaded expression factory via original TCCL
12:35:08.432 [Test worker] DEBUG org.hibernate.validator.internal.engine.ConfigurationImpl - Setting custom MessageInterpolator of type org.springframework.validation.beanvalidation.LocaleContextMessageInterpolator
12:35:08.434 [Test worker] DEBUG org.hibernate.validator.internal.engine.ConfigurationImpl - Setting custom ParameterNameProvider of type org.springframework.validation.beanvalidation.LocalValidatorFactoryBean$1
12:35:08.567 [Test worker] DEBUG org.hibernate.validator.internal.xml.config.ValidationXmlParser - Trying to load META-INF/validation.xml for XML based Validator configuration.
12:35:08.617 [Test worker] DEBUG org.hibernate.validator.internal.xml.config.ResourceLoaderHelper - Trying to load META-INF/validation.xml via TCCL
12:35:08.689 [Test worker] DEBUG org.hibernate.validator.internal.xml.config.ResourceLoaderHelper - Trying to load META-INF/validation.xml via Hibernate Validator's class loader
12:35:08.689 [Test worker] DEBUG org.hibernate.validator.internal.xml.config.ValidationXmlParser - No META-INF/validation.xml found. Using annotation based configuration only.
12:35:13.982 [Test worker] DEBUG org.hibernate.validator.internal.engine.ValidatorFactoryImpl - HV000234: Using org.springframework.validation.beanvalidation.LocaleContextMessageInterpolator as ValidatorFactory-scoped message interpolator.
12:35:14.000 [Test worker] DEBUG org.hibernate.validator.internal.engine.ValidatorFactoryImpl - HV000234: Using org.hibernate.validator.internal.engine.resolver.TraverseAllTraversableResolver as ValidatorFactory-scoped traversable resolver.
12:35:14.002 [Test worker] DEBUG org.hibernate.validator.internal.engine.ValidatorFactoryImpl - HV000234: Using org.hibernate.validator.internal.util.ExecutableParameterNameProvider as ValidatorFactory-scoped parameter name provider.
12:35:14.002 [Test worker] DEBUG org.hibernate.validator.internal.engine.ValidatorFactoryImpl - HV000234: Using org.hibernate.validator.internal.engine.DefaultClockProvider as ValidatorFactory-scoped clock provider.
12:35:14.002 [Test worker] DEBUG org.hibernate.validator.internal.engine.ValidatorFactoryImpl - HV000234: Using org.hibernate.validator.internal.engine.scripting.DefaultScriptEvaluatorFactory as ValidatorFactory-scoped script evaluator factory.
12:35:15.033 [Test worker] INFO org.springframework.web.servlet.mvc.method.annotation.RequestMappingHandlerAdapter - Looking for @ControllerAdvice: org.springframework.test.web.servlet.setup.StubWebApplicationContext@35374b69
12:35:15.982 [Test worker] DEBUG org.springframework.web.servlet.mvc.method.annotation.ExceptionHandlerExceptionResolver - Looking for exception mappings: org.springframework.test.web.servlet.setup.StubWebApplicationContext@35374b69
12:35:17.042 [Test worker] DEBUG org.springframework.test.web.servlet.TestDispatcherServlet - Initializing servlet ''
12:35:17.060 [Test worker] INFO org.springframework.mock.web.MockServletContext - Initializing Spring FrameworkServlet ''
12:35:17.062 [Test worker] INFO org.springframework.test.web.servlet.TestDispatcherServlet - FrameworkServlet '': initialization started
12:35:17.266 [Test worker] DEBUG org.springframework.test.web.servlet.TestDispatcherServlet - Unable to locate MultipartResolver with name 'multipartResolver': no multipart request handling provided
12:35:17.277 [Test worker] DEBUG org.springframework.test.web.servlet.TestDispatcherServlet - Using LocaleResolver [org.springframework.web.servlet.i18n.AcceptHeaderLocaleResolver@2b86f855]
12:35:17.277 [Test worker] DEBUG org.springframework.test.web.servlet.TestDispatcherServlet - Using ThemeResolver [org.springframework.web.servlet.theme.FixedThemeResolver@1a4dee3c]
12:35:17.277 [Test worker] DEBUG org.springframework.test.web.servlet.TestDispatcherServlet - Using RequestToViewNameTranslator [org.springframework.web.servlet.view.DefaultRequestToViewNameTranslator@967b0cb]
12:35:17.287 [Test worker] DEBUG org.springframework.test.web.servlet.TestDispatcherServlet - Using FlashMapManager [org.springframework.web.servlet.support.SessionFlashMapManager@233caef]
12:35:17.287 [Test worker] DEBUG org.springframework.test.web.servlet.TestDispatcherServlet - Published WebApplicationContext of servlet '' as ServletContext attribute with name [org.springframework.web.servlet.FrameworkServlet.CONTEXT.]
12:35:17.295 [Test worker] INFO org.springframework.test.web.servlet.TestDispatcherServlet - FrameworkServlet '': initialization completed in 224 ms
12:35:17.297 [Test worker] DEBUG org.springframework.test.web.servlet.TestDispatcherServlet - Servlet '' configured successfully
12:35:18.979 [Test worker] DEBUG org.springframework.test.web.servlet.TestDispatcherServlet - DispatcherServlet with name '' processing GET request for [/user/3]
12:35:18.999 [Test worker] DEBUG org.springframework.web.servlet.mvc.method.annotation.RequestMappingHandlerMapping - Looking up handler method for path /user/3
12:35:19.132 [Test worker] WARN org.springframework.web.servlet.mvc.support.DefaultHandlerExceptionResolver - Resolved [org.springframework.web.HttpRequestMethodNotSupportedException: Request method 'GET' not supported]
12:35:19.132 [Test worker] DEBUG org.springframework.test.web.servlet.TestDispatcherServlet - Null ModelAndView returned to DispatcherServlet with name '': assuming HandlerAdapter completed request handling
12:35:19.132 [Test worker] DEBUG org.springframework.test.web.servlet.TestDispatcherServlet - Successfully completed request
12:35:19.397 [Test worker] DEBUG org.springframework.core.env.StandardEnvironment - Adding PropertySource 'systemProperties' with lowest search precedence
12:35:19.405 [Test worker] DEBUG org.springframework.core.env.StandardEnvironment - Adding PropertySource 'systemEnvironment' with lowest search precedence
12:35:19.405 [Test worker] DEBUG org.springframework.core.env.StandardEnvironment - Initialized StandardEnvironment with PropertySources [MapPropertySource@788321999 {name='systemProperties', properties={sun.desktop=windows, awt.toolkit=sun.awt.windows.WToolkit, java.specification.version=11, sun.cpu.isalist=amd64, sun.jnu.encoding=Cp1252, org.gradle.test.worker=5, java.class.path=C:\\Users\\Isaac\\.gradle\\caches\\6.9\\workerMain\\gradle-worker.jar;C:\\Users\\Isaac\\Documents\\gradle.sample.project\\build\\classes\\java\\test;C:\\Users\\Isaac\\Documents\\gradle.sample.project\\build\\resources\\test;C:\\Users\\Isaac\\Documents\\gradle.sample.project\\build\\classes\\java\\main;C:\\Users\\Isaac\\Documents\\gradle.sample.project\\build\\resources\\main;C:\\Users\\Isaac\\.gradle\\caches\\modules-2\\files-2.1\\org.springframework.boot\\spring-boot-starter-web\\2.0.5.RELEASE\\52daa1f1509bd637a737206e54c06a17aabb9504\\spring-boot-starter-web-2.0.5.RELEASE.jar;C:\\Users\\Isaac\\.gradle\\caches\\modules-2\\files-2.1\\javax.servlet\\javax.servlet-api\\3.1.0\\3cd63d075497751784b2fa84be59432f4905bf7c\\javax.servlet-api-3.1.0.jar;C:\\Users\\Isaac\\.gradle\\caches\\modules-2\\files-2.1\\org.springframework\\spring-webmvc\\5.0.9.RELEASE\\c18346caaeb8dc648c4cc01874996fd9fef76664\\spring-webmvc-5.0.9.RELEASE.jar;C:\\Users\\Isaac\\.gradle\\caches\\modules-2\\files-2.1\\org.springframework.boot\\spring-boot-starter-json\\2.0.5.RELEASE\\d0052ded4733ceb1fb7d927238f22f9a92099227\\spring-boot-starter-json-2.0.5.RELEASE.jar;C:\\Users\\Isaac\\.gradle\\caches\\modules-2\\files-2.1\\com.fasterxml.jackson.datatype\\jackson-datatype-jdk8\\2.9.6\\456895fc91bf7180b216fead220373e6278230c9\\jackson-datatype-jdk8-2.9.6.jar;C:\\Users\\Isaac\\.gradle\\caches\\modules-2\\files-2.1\\com.fasterxml.jackson.datatype\\jackson-datatype-jsr310\\2.9.6\\ea54f6193d224e5e5732bbd4262327eb465397c2\\jackson-datatype-jsr310-2.9.6.jar;C:\\Users\\Isaac\\.gradle\\caches\\modules-2\\files-2.1\\com.fasterxml.jackson.module\\jackson-module-parameter-names\\2.9.6\\129acd77a4b6ee30d62d3a0899b1344c8ec2bff8\\jackson-module-parameter-names-2.9.6.jar;C:\\Users\\Isaac\\.gradle\\caches\\modules-2\\files-2.1\\com.fasterxml.jackson.core\\jackson-databind\\2.9.6\\cfa4f316351a91bfd95cb0644c6a2c95f52db1fc\\jackson-databind-2.9.6.jar;C:\\Users\\Isaac\\.gradle\\caches\\modules-2\\files-2.1\\net.bytebuddy\\byte-buddy-dep\\1.10.14\\f2b9bda03a184c5238b62a150a0af4c95a6aa86b\\byte-buddy-dep-1.10.14.jar;C:\\Users\\Isaac\\.gradle\\caches\\modules-2\\files-2.1\\org.springframework.boot\\spring-boot-starter-test\\2.0.5.RELEASE\\ab04ca2e76f6a8e786001352a81a10e4b0e7fbc8\\spring-boot-starter-test-2.0.5.RELEASE.jar;C:\\Users\\Isaac\\.gradle\\caches\\modules-2\\files-2.1\\org.mockito\\mockito-junit-jupiter\\3.7.7\\bfc1de0638562399c49216d9035df32d58335e59\\mockito-junit-jupiter-3.7.7.jar;C:\\Users\\Isaac\\.gradle\\caches\\modules-2\\files-2.1\\org.mockito\\mockito-core\\2.28.2\\91110215a8cb9b77a46e045ee758f77d79167cc0\\mockito-core-2.28.2.jar;C:\\Users\\Isaac\\.gradle\\caches\\modules-2\\files-2.1\\com.jayway.jsonpath\\json-path-assert\\2.4.0\\7f0af70880604c03cfcaf7e830d776b87ecf729d\\json-path-assert-2.4.0.jar;C:\\Users\\Isaac\\.gradle\\caches\\modules-2\\files-2.1\\com.jayway.jsonpath\\json-path\\2.4.0\\765a4401ceb2dc8d40553c2075eb80a8fa35c2ae\\json-path-2.4.0.jar;C:\\Users\\Isaac\\.gradle\\caches\\modules-2\\files-2.1\\org.hamcrest\\hamcrest\\2.1\\9420ba32c29217b54eebd26ff7f9234d31c3fbb2\\hamcrest-2.1.jar;C:\\Users\\Isaac\\.gradle\\caches\\modules-2\\files-2.1\\org.junit.platform\\junit-platform-engine\\1.7.1\\d276a968c57f5d60a421dedd1f8b6ca2fae09e86\\junit-platform-engine-1.7.1.jar;C:\\Users\\Isaac\\.gradle\\caches\\modules-2\\files-2.1\\org.junit.platform\\junit-platform-commons\\1.7.1\\7c49f0074842d07f4335de2389d624a7437d1407\\junit-platform-commons-1.7.1.jar;C:\\Users\\Isaac\\.gradle\\caches\\modules-2\\files-2.1\\org.junit.jupiter\\junit-jupiter-engine\\5.7.1\\7fcfa59c5533abb41f86b1408960737eeaf1f49f\\junit-jupiter-engine-5.7.1.jar;C:\\Users\\Isaac\\.gradle\\caches\\modules-2\\files-2.1\\org.junit.jupiter\\junit-jupiter-api\\5.7.1\\a7261dff44e64aea7f621842eac5977fd6d2412d\\junit-jupiter-api-5.7.1.jar;C:\\Users\\Isaac\\.gradle\\caches\\modules-2\\files-2.1\\org.springframework.boot\\spring-boot-starter\\2.0.5.RELEASE\\1f53487a373be18d064a5815e9bac9882ef15cdc\\spring-boot-starter-2.0.5.RELEASE.jar;C:\\Users\\Isaac\\.gradle\\caches\\modules-2\\files-2.1\\org.springframework.boot\\spring-boot-starter-tomcat\\2.0.5.RELEASE\\eaac8a5d73b45400bc88cd7f6b5c99b5f0d5e9b7\\spring-boot-starter-tomcat-2.0.5.RELEASE.jar;C:\\Users\\Isaac\\.gradle\\caches\\modules-2\\files-2.1\\org.hibernate.validator\\hibernate-validator\\6.0.12.Final\\478003e61b056c1f97840ba3e62ff31cdc89597\\hibernate-validator-6.0.12.Final.jar;C:\\Users\\Isaac\\.gradle\\caches\\modules-2\\files-2.1\\org.springframework\\spring-web\\5.0.9.RELEASE\\1ea3aab93340849313fa74ec626ddaf1fff9ed8e\\spring-web-5.0.9.RELEASE.jar;C:\\Users\\Isaac\\.gradle\\caches\\modules-2\\files-2.1\\org.springframework.boot\\spring-boot-test-autoconfigure\\2.0.5.RELEASE\\54d5e8f9e88c6236fe164474f0aed5a8a1052c43\\spring-boot-test-autoconfigure-2.0.5.RELEASE.jar;C:\\Users\\Isaac\\.gradle\\caches\\modules-2\\files-2.1\\org.springframework.boot\\spring-boot-test\\2.0.5.RELEASE\\ce6353f33217982357a6bdba6576015ea333304c\\spring-boot-test-2.0.5.RELEASE.jar;C:\\Users\\Isaac\\.gradle\\caches\\modules-2\\files-2.1\\org.springframework.boot\\spring-boot-autoconfigure\\2.0.5.RELEASE\\e5588642799e0c0c04638e255c3d3f31ba400ff4\\spring-boot-autoconfigure-2.0.5.RELEASE.jar;C:\\Users\\Isaac\\.gradle\\caches\\modules-2\\files-2.1\\org.springframework.boot\\spring-boot\\2.0.5.RELEASE\\19a4624cbd89a318d10c79f289c6c816043850fb\\spring-boot-2.0.5.RELEASE.jar;C:\\Users\\Isaac\\.gradle\\caches\\modules-2\\files-2.1\\org.springframework\\spring-context\\5.0.9.RELEASE\\2501e55acb6c2e84667cda3f845d1d00a0dc4e05\\spring-context-5.0.9.RELEASE.jar;C:\\Users\\Isaac\\.gradle\\caches\\modules-2\\files-2.1\\org.springframework\\spring-aop\\5.0.9.RELEASE\\98003b099697fe46b6bdf18c7e3f66d7a1381060\\spring-aop-5.0.9.RELEASE.jar;C:\\Users\\Isaac\\.gradle\\caches\\modules-2\\files-2.1\\org.springframework\\spring-beans\\5.0.9.RELEASE\\65f56fdab1bb90ad059e314d2f2f4cf76f9bdbde\\spring-beans-5.0.9.RELEASE.jar;C:\\Users\\Isaac\\.gradle\\caches\\modules-2\\files-2.1\\org.springframework\\spring-expression\\5.0.9.RELEASE\\1f9db5ff3a758102c0434cc3457aa47c50c39a4a\\spring-expression-5.0.9.RELEASE.jar;C:\\Users\\Isaac\\.gradle\\caches\\modules-2\\files-2.1\\org.springframework\\spring-test\\5.0.9.RELEASE\\218c8648f898453be92d550252e0ce2a84b54375\\spring-test-5.0.9.RELEASE.jar;C:\\Users\\Isaac\\.gradle\\caches\\modules-2\\files-2.1\\org.springframework\\spring-core\\5.0.9.RELEASE\\9f9a828936d81afd49a603bda9cc1aed863a0d85\\spring-core-5.0.9.RELEASE.jar;C:\\Users\\Isaac\\.gradle\\caches\\modules-2\\files-2.1\\com.fasterxml.jackson.core\\jackson-annotations\\2.9.0\\7c10d545325e3a6e72e06381afe469fd40eb701\\jackson-annotations-2.9.0.jar;C:\\Users\\Isaac\\.gradle\\caches\\modules-2\\files-2.1\\com.fasterxml.jackson.core\\jackson-core\\2.9.6\\4e393793c37c77e042ccc7be5a914ae39251b365\\jackson-core-2.9.6.jar;C:\\Users\\Isaac\\.gradle\\caches\\modules-2\\files-2.1\\org.ow2.asm\\asm-commons\\8.0.1\\19c7ba355f0737815205518e332a8dc08b417c6\\asm-commons-8.0.1.jar;C:\\Users\\Isaac\\.gradle\\caches\\modules-2\\files-2.1\\net.minidev\\json-smart\\2.3\\7396407491352ce4fa30de92efb158adb76b5b\\json-smart-2.3.jar;C:\\Users\\Isaac\\.gradle\\caches\\modules-2\\files-2.1\\net.minidev\\accessors-smart\\1.2\\c592b500269bfde36096641b01238a8350f8aa31\\accessors-smart-1.2.jar;C:\\Users\\Isaac\\.gradle\\caches\\modules-2\\files-2.1\\org.ow2.asm\\asm\\8.0.1\\3f5199523fb95304b44563f5d56d9f5a07270669\\asm-8.0.1.jar;C:\\Users\\Isaac\\.gradle\\caches\\modules-2\\files-2.1\\junit\\junit\\4.12\\2973d150c0dc1fefe998f834810d68f278ea58ec\\junit-4.12.jar;C:\\Users\\Isaac\\.gradle\\caches\\modules-2\\files-2.1\\org.assertj\\assertj-core\\3.9.1\\c5ce126b15f28d56cd8f960c1a6a058b9c9aea87\\assertj-core-3.9.1.jar;C:\\Users\\Isaac\\.gradle\\caches\\modules-2\\files-2.1\\org.hamcrest\\hamcrest-library\\1.3\\4785a3c21320980282f9f33d0d1264a69040538f\\hamcrest-library-1.3.jar;C:\\Users\\Isaac\\.gradle\\caches\\modules-2\\files-2.1\\org.hamcrest\\hamcrest-core\\1.3\\42a25dc3219429f0e5d060061f71acb49bf010a0\\hamcrest-core-1.3.jar;C:\\Users\\Isaac\\.gradle\\caches\\modules-2\\files-2.1\\org.skyscreamer\\jsonassert\\1.5.0\\6c9d5fe2f59da598d9aefc1cfc6528ff3cf32df3\\jsonassert-1.5.0.jar;C:\\Users\\Isaac\\.gradle\\caches\\modules-2\\files-2.1\\org.xmlunit\\xmlunit-core\\2.5.1\\4ffdb346572a7356f7521cd3119ce5287d2e339d\\xmlunit-core-2.5.1.jar;C:\\Users\\Isaac\\.gradle\\caches\\modules-2\\files-2.1\\net.bytebuddy\\byte-buddy\\1.7.11\\f02857a4e2c66ccbe7aaad6100a0a6c461bce9b3\\byte-buddy-1.7.11.jar;C:\\Users\\Isaac\\.gradle\\caches\\modules-2\\files-2.1\\net.bytebuddy\\byte-buddy-agent\\1.7.11\\b425a8933ca07edd03c6dbc8bc3b595fba9780de\\byte-buddy-agent-1.7.11.jar;C:\\Users\\Isaac\\.gradle\\caches\\modules-2\\files-2.1\\org.objenesis\\objenesis\\2.6\\639033469776fd37c08358c6b92a4761feb2af4b\\objenesis-2.6.jar;C:\\Users\\Isaac\\.gradle\\caches\\modules-2\\files-2.1\\org.springframework.boot\\spring-boot-starter-logging\\2.0.5.RELEASE\\c353e0b9591d0765c687ff0a678478cbebfd5c23\\spring-boot-starter-logging-2.0.5.RELEASE.jar;C:\\Users\\Isaac\\.gradle\\caches\\modules-2\\files-2.1\\ch.qos.logback\\logback-classic\\1.2.3\\7c4f3c474fb2c041d8028740440937705ebb473a\\logback-classic-1.2.3.jar;C:\\Users\\Isaac\\.gradle\\caches\\modules-2\\files-2.1\\org.apache.logging.log4j\\log4j-to-slf4j\\2.10.0\\f7e631ccf49cfc0aefa4a2a728da7d374c05bd3c\\log4j-to-slf4j-2.10.0.jar;C:\\Users\\Isaac\\.gradle\\caches\\modules-2\\files-2.1\\org.slf4j\\jul-to-slf4j\\1.7.25\\af5364cd6679bfffb114f0dec8a157aaa283b76\\jul-to-slf4j-1.7.25.jar;C:\\Users\\Isaac\\.gradle\\caches\\modules-2\\files-2.1\\org.slf4j\\slf4j-api\\1.7.25\\da76ca59f6a57ee3102f8f9bd9cee742973efa8a\\slf4j-api-1.7.25.jar;C:\\Users\\Isaac\\.gradle\\caches\\modules-2\\files-2.1\\org.apiguardian\\apiguardian-api\\1.1.0\\fc9dff4bb36d627bdc553de77e1f17efd790876c\\apiguardian-api-1.1.0.jar;C:\\Users\\Isaac\\.gradle\\caches\\modules-2\\files-2.1\\org.opentest4j\\opentest4j\\1.2.0\\28c11eb91f9b6d8e200631d46e20a7f407f2a046\\opentest4j-1.2.0.jar;C:\\Users\\Isaac\\.gradle\\caches\\modules-2\\files-2.1\\javax.annotation\\javax.annotation-api\\1.3.2\\934c04d3cfef185a8008e7bf34331b79730a9d43\\javax.annotation-api-1.3.2.jar;C:\\Users\\Isaac\\.gradle\\caches\\modules-2\\files-2.1\\org.yaml\\snakeyaml\\1.19\\2d998d3d674b172a588e54ab619854d073f555b5\\snakeyaml-1.19.jar;C:\\Users\\Isaac\\.gradle\\caches\\modules-2\\files-2.1\\org.apache.tomcat.embed\\tomcat-embed-websocket\\8.5.34\\5f86906367c2540b21e6aeecc277d2ce9ec939b0\\tomcat-embed-websocket-8.5.34.jar;C:\\Users\\Isaac\\.gradle\\caches\\modules-2\\files-2.1\\org.apache.tomcat.embed\\tomcat-embed-core\\8.5.34\\a038040d68a90397f95dd1e11b979fe364a5000f\\tomcat-embed-core-8.5.34.jar;C:\\Users\\Isaac\\.gradle\\caches\\modules-2\\files-2.1\\org.apache.tomcat.embed\\tomcat-embed-el\\8.5.34\\be71a9a5bdd001db7cf97c47429eec0bdd3b7b88\\tomcat-embed-el-8.5.34.jar;C:\\Users\\Isaac\\.gradle\\caches\\modules-2\\files-2.1\\javax.validation\\validation-api\\2.0.1.Final\\cb855558e6271b1b32e716d24cb85c7f583ce09e\\validation-api-2.0.1.Final.jar;C:\\Users\\Isaac\\.gradle\\caches\\modules-2\\files-2.1\\org.jboss.logging\\jboss-logging\\3.3.2.Final\\3789d00e859632e6c6206adc0c71625559e6e3b0\\jboss-logging-3.3.2.Final.jar;C:\\Users\\Isaac\\.gradle\\caches\\modules-2\\files-2.1\\com.fasterxml\\classmate\\1.3.4\\3d5f48f10bbe4eb7bd862f10c0583be2e0053c6\\classmate-1.3.4.jar;C:\\Users\\Isaac\\.gradle\\caches\\modules-2\\files-2.1\\org.springframework\\spring-jcl\\5.0.9.RELEASE\\bc3b5aaae53f0bc03647e53ecbd98a05b47a4e90\\spring-jcl-5.0.9.RELEASE.jar;C:\\Users\\Isaac\\.gradle\\caches\\modules-2\\files-2.1\\com.vaadin.external.google\\android-json\\0.0.20131108.vaadin1\\fa26d351fe62a6a17f5cda1287c1c6110dec413f\\android-json-0.0.20131108.vaadin1.jar;C:\\Users\\Isaac\\.gradle\\caches\\modules-2\\files-2.1\\ch.qos.logback\\logback-core\\1.2.3\\864344400c3d4d92dfeb0a305dc87d953677c03c\\logback-core-1.2.3.jar;C:\\Users\\Isaac\\.gradle\\caches\\modules-2\\files-2.1\\org.apache.logging.log4j\\log4j-api\\2.10.0\\fec5797a55b786184a537abd39c3fa1449d752d6\\log4j-api-2.10.0.jar, java.vm.vendor=Oracle Corporation, sun.arch.data.model=64, user.variant=, java.vendor.url=https://openjdk.java.net/, user.timezone=Africa/Luanda, os.name=Windows 10, java.vm.specification.version=11, user.country=US, sun.java.launcher=SUN_STANDARD, sun.boot.library.path=C:\Program Files\Java\jdk-11.0.8\bin, sun.java.command=worker.org.gradle.process.internal.worker.GradleWorkerMain 'Gradle Test Executor 5', jdk.debug=release, sun.cpu.endian=little, user.home=C:\Users\Isaac, user.language=en, java.specification.vendor=Oracle Corporation, org.gradle.native=false, java.version.date=2020-07-14, java.home=C:\Program Files\Java\jdk-11.0.8, file.separator=\, java.vm.compressedOopsMode=32-bit, line.separator=
, java.specification.name=Java Platform API Specification, java.vm.specification.vendor=Oracle Corporation, java.awt.graphicsenv=sun.awt.Win32GraphicsEnvironment, user.script=, sun.management.compiler=HotSpot 64-Bit Tiered Compilers, java.runtime.version=11.0.8+10-LTS, user.name=Isaac, path.separator=;, os.version=10.0, java.runtime.name=Java(TM) SE Runtime Environment, file.encoding=windows-1252, java.vm.name=Java HotSpot(TM) 64-Bit Server VM, java.vendor.version=18.9, java.vendor.url.bug=https://bugreport.java.com/bugreport/, java.io.tmpdir=C:\Users\Isaac\AppData\Local\Temp\, java.version=11.0.8, user.dir=C:\Users\Isaac\Documents\gradle.sample.project, os.arch=amd64, java.vm.specification.name=Java Virtual Machine Specification, java.awt.printerjob=sun.awt.windows.WPrinterJob, sun.os.patch.level=, java.library.path=C:\Program Files\Java\jdk-11.0.8\bin;C:\Windows\Sun\Java\bin;C:\Windows\system32;C:\Windows;C:\Python38\Scripts\;C:\Python38\;C:\Windows\system32;C:\Windows;C:\Windows\System32\Wbem;C:\Windows\System32\WindowsPowerShell\v1.0\;C:\Windows\System32\OpenSSH\;C:\Program Files (x86)\codeblocks\MinGW\bin;C:\Program Files\dotnet\;C:\Gradle\gradle-6.9\bin;C:\Program Files (x86)\sqlite;C:\Program Files (x86)\Inno Setup 6;C:\Program Files (x86)\WiX Toolset v3.11\bin;C:\flutter\bin;C:\Program Files\MySQL\MySQL Server 8.0\bin;C:\Program Files\PostgreSQL\12\bin;C:\Program Files\PuTTY\;C:\Program Files\NetBeans-11.1\netbeans\java\maven\bin;C:\Program Files\Java\scripts;C:\Program Files\nodejs\;C:\ProgramData\chocolatey\bin;C:\ProgramData\Anaconda3\condabin\;C:\Program Files\Tesseract-OCR;C:\Program Files\Git\cmd;C:\Program Files (x86)\Gpg4win\..\GnuPG\bin;C:\Python38\Scripts\;C:\Python38\;C:\Windows\system32;C:\Windows;C:\Windows\System32\Wbem;C:\Windows\System32\WindowsPowerShell\v1.0\;C:\Windows\System32\OpenSSH\;C:\Program Files (x86)\codeblocks\MinGW\bin;C:\Program Files\dotnet\;C:\Gradle\gradle-6.9\bin;C:\Program Files (x86)\sqlite;C:\Program Files (x86)\Inno Setup 6;C:\Program Files (x86)\WiX Toolset v3.11\bin;C:\flutter\bin;C:\Program Files\MySQL\MySQL Server 8.0\bin;C:\Program Files\PostgreSQL\12\bin;C:\Program Files\PuTTY\;C:\Program Files\NetBeans-11.1\netbeans\java\maven\bin;C:\Program Files\Java\scripts;C:\Program Files\nodejs\;C:\ProgramData\chocolatey\bin;C:\ProgramData\Anaconda3\condabin\;C:\Program Files\Tesseract-OCR;C:\Program Files\Git\cmd;C:\Program Files (x86)\Gpg4win\..\GnuPG\bin;C:\Users\Isaac\AppData\Local\Programs\Microsoft VS Code\bin;C:\cygwin64\bin;C:\Program Files\Java\jdk-11.0.8\bin;C:\Users\Isaac\AppData\Roaming\npm;C:\Users\Isaac\DKsources\convert\;;., java.vendor=Oracle Corporation, java.vm.info=mixed mode, java.vm.version=11.0.8+10-LTS, sun.io.unicode.encoding=UnicodeLittle, java.class.version=55.0}}, SystemEnvironmentPropertySource@947722885 {name='systemEnvironment', properties={USERDOMAIN_ROAMINGPROFILE=SCRIPT, PROCESSOR_LEVEL=6, SESSIONNAME=Console, ALLUSERSPROFILE=C:\ProgramData, PROCESSOR_ARCHITECTURE=AMD64, PSModulePath=C:\Program Files\WindowsPowerShell\Modules;C:\Windows\system32\WindowsPowerShell\v1.0\Modules, SystemDrive=C:, MOZ_PLUGIN_PATH=C:\Program Files (x86)\Foxit Software\Foxit Reader\plugins\, DIRNAME=C:\Gradle\gradle-6.9\bin\, USERNAME=Isaac, ProgramFiles(x86)=C:\Program Files (x86), APP_HOME=C:\Gradle\gradle-6.9, DEFAULT_JVM_OPTS=&quot;-Xmx64m&quot; &quot;-Xms64m&quot;, PATHEXT=.COM;.EXE;.BAT;.CMD;.VBS;.VBE;.JS;.JSE;.WSF;.WSH;.MSC;.PY;.PYW, DriverData=C:\Windows\System32\Drivers\DriverData, PGDATA=C:\Program Files\PostgreSQL\12\data, ProgramData=C:\ProgramData, ProgramW6432=C:\Program Files, HOMEPATH=\Users\Isaac, PROCESSOR_IDENTIFIER=Intel64 Family 6 Model 55 Stepping 8, GenuineIntel, ProgramFiles=C:\Program Files, PUBLIC=C:\Users\Public, windir=C:\Windows, =::=::\, LOCALAPPDATA=C:\Users\Isaac\AppData\Local, ChocolateyLastPathUpdate=132460555976670753, USERDOMAIN=SCRIPT, LOGONSERVER=\\SCRIPT, JAVA_HOME=C:\Program Files\Java\jdk-11.0.8, PROMPT=$P$G, OneDrive=C:\Users\Isaac\OneDrive, QT_DEVICE_PIXEL_RATIO=auto, =C:=C:\Users\Isaac\Documents\gradle.sample.project, APPDATA=C:\Users\Isaac\AppData\Roaming, JAVA_EXE=C:\Program Files\Java\jdk-11.0.8/bin/java.exe, ChocolateyInstall=C:\ProgramData\chocolatey, CommonProgramFiles=C:\Program Files\Common Files, Path=C:\Python38\Scripts\;C:\Python38\;C:\Windows\system32;C:\Windows;C:\Windows\System32\Wbem;C:\Windows\System32\WindowsPowerShell\v1.0\;C:\Windows\System32\OpenSSH\;C:\Program Files (x86)\codeblocks\MinGW\bin;C:\Program Files\dotnet\;C:\Gradle\gradle-6.9\bin;C:\Program Files (x86)\sqlite;C:\Program Files (x86)\Inno Setup 6;C:\Program Files (x86)\WiX Toolset v3.11\bin;C:\flutter\bin;C:\Program Files\MySQL\MySQL Server 8.0\bin;C:\Program Files\PostgreSQL\12\bin;C:\Program Files\PuTTY\;C:\Program Files\NetBeans-11.1\netbeans\java\maven\bin;C:\Program Files\Java\scripts;C:\Program Files\nodejs\;C:\ProgramData\chocolatey\bin;C:\ProgramData\Anaconda3\condabin\;C:\Program Files\Tesseract-OCR;C:\Program Files\Git\cmd;C:\Program Files (x86)\Gpg4win\..\GnuPG\bin;C:\Python38\Scripts\;C:\Python38\;C:\Windows\system32;C:\Windows;C:\Windows\System32\Wbem;C:\Windows\System32\WindowsPowerShell\v1.0\;C:\Windows\System32\OpenSSH\;C:\Program Files (x86)\codeblocks\MinGW\bin;C:\Program Files\dotnet\;C:\Gradle\gradle-6.9\bin;C:\Program Files (x86)\sqlite;C:\Program Files (x86)\Inno Setup 6;C:\Program Files (x86)\WiX Toolset v3.11\bin;C:\flutter\bin;C:\Program Files\MySQL\MySQL Server 8.0\bin;C:\Program Files\PostgreSQL\12\bin;C:\Program Files\PuTTY\;C:\Program Files\NetBeans-11.1\netbeans\java\maven\bin;C:\Program Files\Java\scripts;C:\Program Files\nodejs\;C:\ProgramData\chocolatey\bin;C:\ProgramData\Anaconda3\condabin\;C:\Program Files\Tesseract-OCR;C:\Program Files\Git\cmd;C:\Program Files (x86)\Gpg4win\..\GnuPG\bin;C:\Users\Isaac\AppData\Local\Programs\Microsoft VS Code\bin;C:\cygwin64\bin;C:\Program Files\Java\jdk-11.0.8\bin;C:\Users\Isaac\AppData\Roaming\npm;C:\Users\Isaac\DKsources\convert\;, PT7HOME=C:\Program Files\Cisco Packet Tracer 7.2.1, OS=Windows_NT, COMPUTERNAME=SCRIPT, PROCESSOR_REVISION=3708, CLASSPATH=C:\Gradle\gradle-6.9\lib\gradle-launcher-6.9.jar, CommonProgramW6432=C:\Program Files\Common Files, ComSpec=C:\Windows\system32\cmd.exe, APP_BASE_NAME=gradle, SystemRoot=C:\Windows, TEMP=C:\Users\Isaac\AppData\Local\Temp, HOMEDRIVE=C:, USERPROFILE=C:\Users\Isaac, TMP=C:\Users\Isaac\AppData\Local\Temp, CommonProgramFiles(x86)=C:\Program Files (x86)\Common Files, NUMBER_OF_PROCESSORS=2}}]
12:35:19.488 [Test worker] DEBUG org.springframework.web.servlet.mvc.method.annotation.RequestMappingHandlerMapping - Looking for request mappings in application context: org.springframework.test.web.servlet.setup.StubWebApplicationContext@71da0980
12:35:19.488 [Test worker] DEBUG org.springframework.web.servlet.mvc.method.annotation.RequestMappingHandlerMapping - 4 request handler methods found on class app.controller.ServiceController: {public app.rest.RestResponse app.controller.ServiceController.getUser(int)={[/{id}],methods=[GET],produces=[application/json]}, public app.rest.RestResponse app.controller.ServiceController.saveUser(app.model.User)={[],methods=[POST],produces=[application/json]}, public app.rest.RestResponse app.controller.ServiceController.deleteUser(int)={[/{id}],methods=[DELETE],produces=[application/json]}, public app.rest.RestResponse app.controller.ServiceController.updateUser(app.model.User)={[],methods=[PUT],produces=[application/json]}}
12:35:19.496 [Test worker] INFO org.springframework.web.servlet.mvc.method.annotation.RequestMappingHandlerMapping - Mapped &quot;{[/{id}],methods=[GET],produces=[application/json]}&quot; onto public app.rest.RestResponse&lt;app.model.User&gt; app.controller.ServiceController.getUser(int)
12:35:19.498 [Test worker] INFO org.springframework.web.servlet.mvc.method.annotation.RequestMappingHandlerMapping - Mapped &quot;{[],methods=[POST],produces=[application/json]}&quot; onto public app.rest.RestResponse app.controller.ServiceController.saveUser(app.model.User)
12:35:19.507 [Test worker] INFO org.springframework.web.servlet.mvc.method.annotation.RequestMappingHandlerMapping - Mapped &quot;{[/{id}],methods=[DELETE],produces=[application/json]}&quot; onto public app.rest.RestResponse app.controller.ServiceController.deleteUser(int)
12:35:19.519 [Test worker] INFO org.springframework.web.servlet.mvc.method.annotation.RequestMappingHandlerMapping - Mapped &quot;{[],methods=[PUT],produces=[application/json]}&quot; onto public app.rest.RestResponse app.controller.ServiceController.updateUser(app.model.User)
12:35:19.621 [Test worker] DEBUG org.hibernate.validator.internal.engine.resolver.TraversableResolvers - Cannot find javax.persistence.Persistence on classpath. Assuming non JPA 2 environment. All properties will per default be traversable.
12:35:19.621 [Test worker] DEBUG org.hibernate.validator.messageinterpolation.ResourceBundleMessageInterpolator - Loaded expression factory via original TCCL
12:35:19.621 [Test worker] DEBUG org.hibernate.validator.internal.engine.ConfigurationImpl - Setting custom MessageInterpolator of type org.springframework.validation.beanvalidation.LocaleContextMessageInterpolator
12:35:19.621 [Test worker] DEBUG org.hibernate.validator.internal.engine.ConfigurationImpl - Setting custom ParameterNameProvider of type org.springframework.validation.beanvalidation.LocalValidatorFactoryBean$1
12:35:19.631 [Test worker] DEBUG org.hibernate.validator.internal.xml.config.ValidationXmlParser - Trying to load META-INF/validation.xml for XML based Validator configuration.
12:35:19.631 [Test worker] DEBUG org.hibernate.validator.internal.xml.config.ResourceLoaderHelper - Trying to load META-INF/validation.xml via TCCL
12:35:19.631 [Test worker] DEBUG org.hibernate.validator.internal.xml.config.ResourceLoaderHelper - Trying to load META-INF/validation.xml via Hibernate Validator's class loader
12:35:19.733 [Test worker] DEBUG org.hibernate.validator.internal.xml.config.ValidationXmlParser - No META-INF/validation.xml found. Using annotation based configuration only.
12:35:19.794 [Test worker] DEBUG org.hibernate.validator.internal.engine.ValidatorFactoryImpl - HV000234: Using org.springframework.validation.beanvalidation.LocaleContextMessageInterpolator as ValidatorFactory-scoped message interpolator.
12:35:19.955 [Test worker] DEBUG org.hibernate.validator.internal.engine.ValidatorFactoryImpl - HV000234: Using org.hibernate.validator.internal.engine.resolver.TraverseAllTraversableResolver as ValidatorFactory-scoped traversable resolver.
12:35:19.957 [Test worker] DEBUG org.hibernate.validator.internal.engine.ValidatorFactoryImpl - HV000234: Using org.hibernate.validator.internal.util.ExecutableParameterNameProvider as ValidatorFactory-scoped parameter name provider.
12:35:19.957 [Test worker] DEBUG org.hibernate.validator.internal.engine.ValidatorFactoryImpl - HV000234: Using org.hibernate.validator.internal.engine.DefaultClockProvider as ValidatorFactory-scoped clock provider.
12:35:19.967 [Test worker] DEBUG org.hibernate.validator.internal.engine.ValidatorFactoryImpl - HV000234: Using org.hibernate.validator.internal.engine.scripting.DefaultScriptEvaluatorFactory as ValidatorFactory-scoped script evaluator factory.
12:35:19.976 [Test worker] INFO org.springframework.web.servlet.mvc.method.annotation.RequestMappingHandlerAdapter - Looking for @ControllerAdvice: org.springframework.test.web.servlet.setup.StubWebApplicationContext@71da0980
12:35:19.998 [Test worker] DEBUG org.springframework.web.servlet.mvc.method.annotation.ExceptionHandlerExceptionResolver - Looking for exception mappings: org.springframework.test.web.servlet.setup.StubWebApplicationContext@71da0980
12:35:20.019 [Test worker] DEBUG org.springframework.test.web.servlet.TestDispatcherServlet - Initializing servlet ''
12:35:20.019 [Test worker] INFO org.springframework.mock.web.MockServletContext - Initializing Spring FrameworkServlet ''
12:35:20.019 [Test worker] INFO org.springframework.test.web.servlet.TestDispatcherServlet - FrameworkServlet '': initialization started
12:35:20.019 [Test worker] DEBUG org.springframework.test.web.servlet.TestDispatcherServlet - Unable to locate MultipartResolver with name 'multipartResolver': no multipart request handling provided
12:35:20.019 [Test worker] DEBUG org.springframework.test.web.servlet.TestDispatcherServlet - Using LocaleResolver [org.springframework.web.servlet.i18n.AcceptHeaderLocaleResolver@1e1805e]
12:35:20.019 [Test worker] DEBUG org.springframework.test.web.servlet.TestDispatcherServlet - Using ThemeResolver [org.springframework.web.servlet.theme.FixedThemeResolver@aa7a0f]
12:35:20.019 [Test worker] DEBUG org.springframework.test.web.servlet.TestDispatcherServlet - Using RequestToViewNameTranslator [org.springframework.web.servlet.view.DefaultRequestToViewNameTranslator@78f1ac35]
12:35:20.027 [Test worker] DEBUG org.springframework.test.web.servlet.TestDispatcherServlet - Using FlashMapManager [org.springframework.web.servlet.support.SessionFlashMapManager@345f43d6]
12:35:20.027 [Test worker] DEBUG org.springframework.test.web.servlet.TestDispatcherServlet - Published WebApplicationContext of servlet '' as ServletContext attribute with name [org.springframework.web.servlet.FrameworkServlet.CONTEXT.]
12:35:20.027 [Test worker] INFO org.springframework.test.web.servlet.TestDispatcherServlet - FrameworkServlet '': initialization completed in 8 ms
12:35:20.027 [Test worker] DEBUG org.springframework.test.web.servlet.TestDispatcherServlet - Servlet '' configured successfully
12:35:20.957 [Test worker] DEBUG org.springframework.test.web.servlet.TestDispatcherServlet - DispatcherServlet with name '' processing POST request for [/user]
12:35:21.026 [Test worker] DEBUG org.springframework.web.servlet.mvc.method.annotation.RequestMappingHandlerMapping - Looking up handler method for path /user
12:35:21.067 [Test worker] DEBUG org.springframework.web.servlet.mvc.method.annotation.RequestMappingHandlerMapping - Returning handler method [public app.rest.RestResponse app.controller.ServiceController.saveUser(app.model.User)]
12:35:22.049 [Test worker] DEBUG org.springframework.web.servlet.mvc.method.annotation.RequestResponseBodyMethodProcessor - Read [class app.model.User] as &quot;application/json;charset=UTF-8&quot; with [org.springframework.http.converter.json.MappingJackson2HttpMessageConverter@242974aa]
12:35:23.558 [Test worker] DEBUG org.springframework.web.servlet.mvc.method.annotation.RequestResponseBodyMethodProcessor - Written [app.rest.RestResponse@66b6cdf9] as &quot;application/json&quot; using [org.springframework.http.converter.json.MappingJackson2HttpMessageConverter@242974aa]
12:35:23.569 [Test worker] DEBUG org.springframework.test.web.servlet.TestDispatcherServlet - Null ModelAndView returned to DispatcherServlet with name '': assuming HandlerAdapter completed request handling
12:35:23.569 [Test worker] DEBUG org.springframework.test.web.servlet.TestDispatcherServlet - Successfully completed request
12:35:23.650 [Test worker] DEBUG org.springframework.core.env.StandardEnvironment - Adding PropertySource 'systemProperties' with lowest search precedence
12:35:23.658 [Test worker] DEBUG org.springframework.core.env.StandardEnvironment - Adding PropertySource 'systemEnvironment' with lowest search precedence
12:35:23.660 [Test worker] DEBUG org.springframework.core.env.StandardEnvironment - Initialized StandardEnvironment with PropertySources [MapPropertySource@306160689 {name='systemProperties', properties={sun.desktop=windows, awt.toolkit=sun.awt.windows.WToolkit, java.specification.version=11, sun.cpu.isalist=amd64, sun.jnu.encoding=Cp1252, org.gradle.test.worker=5, java.class.path=C:\\Users\\Isaac\\.gradle\\caches\\6.9\\workerMain\\gradle-worker.jar;C:\\Users\\Isaac\\Documents\\gradle.sample.project\\build\\classes\\java\\test;C:\\Users\\Isaac\\Documents\\gradle.sample.project\\build\\resources\\test;C:\\Users\\Isaac\\Documents\\gradle.sample.project\\build\\classes\\java\\main;C:\\Users\\Isaac\\Documents\\gradle.sample.project\\build\\resources\\main;C:\\Users\\Isaac\\.gradle\\caches\\modules-2\\files-2.1\\org.springframework.boot\\spring-boot-starter-web\\2.0.5.RELEASE\\52daa1f1509bd637a737206e54c06a17aabb9504\\spring-boot-starter-web-2.0.5.RELEASE.jar;C:\\Users\\Isaac\\.gradle\\caches\\modules-2\\files-2.1\\javax.servlet\\javax.servlet-api\\3.1.0\\3cd63d075497751784b2fa84be59432f4905bf7c\\javax.servlet-api-3.1.0.jar;C:\\Users\\Isaac\\.gradle\\caches\\modules-2\\files-2.1\\org.springframework\\spring-webmvc\\5.0.9.RELEASE\\c18346caaeb8dc648c4cc01874996fd9fef76664\\spring-webmvc-5.0.9.RELEASE.jar;C:\\Users\\Isaac\\.gradle\\caches\\modules-2\\files-2.1\\org.springframework.boot\\spring-boot-starter-json\\2.0.5.RELEASE\\d0052ded4733ceb1fb7d927238f22f9a92099227\\spring-boot-starter-json-2.0.5.RELEASE.jar;C:\\Users\\Isaac\\.gradle\\caches\\modules-2\\files-2.1\\com.fasterxml.jackson.datatype\\jackson-datatype-jdk8\\2.9.6\\456895fc91bf7180b216fead220373e6278230c9\\jackson-datatype-jdk8-2.9.6.jar;C:\\Users\\Isaac\\.gradle\\caches\\modules-2\\files-2.1\\com.fasterxml.jackson.datatype\\jackson-datatype-jsr310\\2.9.6\\ea54f6193d224e5e5732bbd4262327eb465397c2\\jackson-datatype-jsr310-2.9.6.jar;C:\\Users\\Isaac\\.gradle\\caches\\modules-2\\files-2.1\\com.fasterxml.jackson.module\\jackson-module-parameter-names\\2.9.6\\129acd77a4b6ee30d62d3a0899b1344c8ec2bff8\\jackson-module-parameter-names-2.9.6.jar;C:\\Users\\Isaac\\.gradle\\caches\\modules-2\\files-2.1\\com.fasterxml.jackson.core\\jackson-databind\\2.9.6\\cfa4f316351a91bfd95cb0644c6a2c95f52db1fc\\jackson-databind-2.9.6.jar;C:\\Users\\Isaac\\.gradle\\caches\\modules-2\\files-2.1\\net.bytebuddy\\byte-buddy-dep\\1.10.14\\f2b9bda03a184c5238b62a150a0af4c95a6aa86b\\byte-buddy-dep-1.10.14.jar;C:\\Users\\Isaac\\.gradle\\caches\\modules-2\\files-2.1\\org.springframework.boot\\spring-boot-starter-test\\2.0.5.RELEASE\\ab04ca2e76f6a8e786001352a81a10e4b0e7fbc8\\spring-boot-starter-test-2.0.5.RELEASE.jar;C:\\Users\\Isaac\\.gradle\\caches\\modules-2\\files-2.1\\org.mockito\\mockito-junit-jupiter\\3.7.7\\bfc1de0638562399c49216d9035df32d58335e59\\mockito-junit-jupiter-3.7.7.jar;C:\\Users\\Isaac\\.gradle\\caches\\modules-2\\files-2.1\\org.mockito\\mockito-core\\2.28.2\\91110215a8cb9b77a46e045ee758f77d79167cc0\\mockito-core-2.28.2.jar;C:\\Users\\Isaac\\.gradle\\caches\\modules-2\\files-2.1\\com.jayway.jsonpath\\json-path-assert\\2.4.0\\7f0af70880604c03cfcaf7e830d776b87ecf729d\\json-path-assert-2.4.0.jar;C:\\Users\\Isaac\\.gradle\\caches\\modules-2\\files-2.1\\com.jayway.jsonpath\\json-path\\2.4.0\\765a4401ceb2dc8d40553c2075eb80a8fa35c2ae\\json-path-2.4.0.jar;C:\\Users\\Isaac\\.gradle\\caches\\modules-2\\files-2.1\\org.hamcrest\\hamcrest\\2.1\\9420ba32c29217b54eebd26ff7f9234d31c3fbb2\\hamcrest-2.1.jar;C:\\Users\\Isaac\\.gradle\\caches\\modules-2\\files-2.1\\org.junit.platform\\junit-platform-engine\\1.7.1\\d276a968c57f5d60a421dedd1f8b6ca2fae09e86\\junit-platform-engine-1.7.1.jar;C:\\Users\\Isaac\\.gradle\\caches\\modules-2\\files-2.1\\org.junit.platform\\junit-platform-commons\\1.7.1\\7c49f0074842d07f4335de2389d624a7437d1407\\junit-platform-commons-1.7.1.jar;C:\\Users\\Isaac\\.gradle\\caches\\modules-2\\files-2.1\\org.junit.jupiter\\junit-jupiter-engine\\5.7.1\\7fcfa59c5533abb41f86b1408960737eeaf1f49f\\junit-jupiter-engine-5.7.1.jar;C:\\Users\\Isaac\\.gradle\\caches\\modules-2\\files-2.1\\org.junit.jupiter\\junit-jupiter-api\\5.7.1\\a7261dff44e64aea7f621842eac5977fd6d2412d\\junit-jupiter-api-5.7.1.jar;C:\\Users\\Isaac\\.gradle\\caches\\modules-2\\files-2.1\\org.springframework.boot\\spring-boot-starter\\2.0.5.RELEASE\\1f53487a373be18d064a5815e9bac9882ef15cdc\\spring-boot-starter-2.0.5.RELEASE.jar;C:\\Users\\Isaac\\.gradle\\caches\\modules-2\\files-2.1\\org.springframework.boot\\spring-boot-starter-tomcat\\2.0.5.RELEASE\\eaac8a5d73b45400bc88cd7f6b5c99b5f0d5e9b7\\spring-boot-starter-tomcat-2.0.5.RELEASE.jar;C:\\Users\\Isaac\\.gradle\\caches\\modules-2\\files-2.1\\org.hibernate.validator\\hibernate-validator\\6.0.12.Final\\478003e61b056c1f97840ba3e62ff31cdc89597\\hibernate-validator-6.0.12.Final.jar;C:\\Users\\Isaac\\.gradle\\caches\\modules-2\\files-2.1\\org.springframework\\spring-web\\5.0.9.RELEASE\\1ea3aab93340849313fa74ec626ddaf1fff9ed8e\\spring-web-5.0.9.RELEASE.jar;C:\\Users\\Isaac\\.gradle\\caches\\modules-2\\files-2.1\\org.springframework.boot\\spring-boot-test-autoconfigure\\2.0.5.RELEASE\\54d5e8f9e88c6236fe164474f0aed5a8a1052c43\\spring-boot-test-autoconfigure-2.0.5.RELEASE.jar;C:\\Users\\Isaac\\.gradle\\caches\\modules-2\\files-2.1\\org.springframework.boot\\spring-boot-test\\2.0.5.RELEASE\\ce6353f33217982357a6bdba6576015ea333304c\\spring-boot-test-2.0.5.RELEASE.jar;C:\\Users\\Isaac\\.gradle\\caches\\modules-2\\files-2.1\\org.springframework.boot\\spring-boot-autoconfigure\\2.0.5.RELEASE\\e5588642799e0c0c04638e255c3d3f31ba400ff4\\spring-boot-autoconfigure-2.0.5.RELEASE.jar;C:\\Users\\Isaac\\.gradle\\caches\\modules-2\\files-2.1\\org.springframework.boot\\spring-boot\\2.0.5.RELEASE\\19a4624cbd89a318d10c79f289c6c816043850fb\\spring-boot-2.0.5.RELEASE.jar;C:\\Users\\Isaac\\.gradle\\caches\\modules-2\\files-2.1\\org.springframework\\spring-context\\5.0.9.RELEASE\\2501e55acb6c2e84667cda3f845d1d00a0dc4e05\\spring-context-5.0.9.RELEASE.jar;C:\\Users\\Isaac\\.gradle\\caches\\modules-2\\files-2.1\\org.springframework\\spring-aop\\5.0.9.RELEASE\\98003b099697fe46b6bdf18c7e3f66d7a1381060\\spring-aop-5.0.9.RELEASE.jar;C:\\Users\\Isaac\\.gradle\\caches\\modules-2\\files-2.1\\org.springframework\\spring-beans\\5.0.9.RELEASE\\65f56fdab1bb90ad059e314d2f2f4cf76f9bdbde\\spring-beans-5.0.9.RELEASE.jar;C:\\Users\\Isaac\\.gradle\\caches\\modules-2\\files-2.1\\org.springframework\\spring-expression\\5.0.9.RELEASE\\1f9db5ff3a758102c0434cc3457aa47c50c39a4a\\spring-expression-5.0.9.RELEASE.jar;C:\\Users\\Isaac\\.gradle\\caches\\modules-2\\files-2.1\\org.springframework\\spring-test\\5.0.9.RELEASE\\218c8648f898453be92d550252e0ce2a84b54375\\spring-test-5.0.9.RELEASE.jar;C:\\Users\\Isaac\\.gradle\\caches\\modules-2\\files-2.1\\org.springframework\\spring-core\\5.0.9.RELEASE\\9f9a828936d81afd49a603bda9cc1aed863a0d85\\spring-core-5.0.9.RELEASE.jar;C:\\Users\\Isaac\\.gradle\\caches\\modules-2\\files-2.1\\com.fasterxml.jackson.core\\jackson-annotations\\2.9.0\\7c10d545325e3a6e72e06381afe469fd40eb701\\jackson-annotations-2.9.0.jar;C:\\Users\\Isaac\\.gradle\\caches\\modules-2\\files-2.1\\com.fasterxml.jackson.core\\jackson-core\\2.9.6\\4e393793c37c77e042ccc7be5a914ae39251b365\\jackson-core-2.9.6.jar;C:\\Users\\Isaac\\.gradle\\caches\\modules-2\\files-2.1\\org.ow2.asm\\asm-commons\\8.0.1\\19c7ba355f0737815205518e332a8dc08b417c6\\asm-commons-8.0.1.jar;C:\\Users\\Isaac\\.gradle\\caches\\modules-2\\files-2.1\\net.minidev\\json-smart\\2.3\\7396407491352ce4fa30de92efb158adb76b5b\\json-smart-2.3.jar;C:\\Users\\Isaac\\.gradle\\caches\\modules-2\\files-2.1\\net.minidev\\accessors-smart\\1.2\\c592b500269bfde36096641b01238a8350f8aa31\\accessors-smart-1.2.jar;C:\\Users\\Isaac\\.gradle\\caches\\modules-2\\files-2.1\\org.ow2.asm\\asm\\8.0.1\\3f5199523fb95304b44563f5d56d9f5a07270669\\asm-8.0.1.jar;C:\\Users\\Isaac\\.gradle\\caches\\modules-2\\files-2.1\\junit\\junit\\4.12\\2973d150c0dc1fefe998f834810d68f278ea58ec\\junit-4.12.jar;C:\\Users\\Isaac\\.gradle\\caches\\modules-2\\files-2.1\\org.assertj\\assertj-core\\3.9.1\\c5ce126b15f28d56cd8f960c1a6a058b9c9aea87\\assertj-core-3.9.1.jar;C:\\Users\\Isaac\\.gradle\\caches\\modules-2\\files-2.1\\org.hamcrest\\hamcrest-library\\1.3\\4785a3c21320980282f9f33d0d1264a69040538f\\hamcrest-library-1.3.jar;C:\\Users\\Isaac\\.gradle\\caches\\modules-2\\files-2.1\\org.hamcrest\\hamcrest-core\\1.3\\42a25dc3219429f0e5d060061f71acb49bf010a0\\hamcrest-core-1.3.jar;C:\\Users\\Isaac\\.gradle\\caches\\modules-2\\files-2.1\\org.skyscreamer\\jsonassert\\1.5.0\\6c9d5fe2f59da598d9aefc1cfc6528ff3cf32df3\\jsonassert-1.5.0.jar;C:\\Users\\Isaac\\.gradle\\caches\\modules-2\\files-2.1\\org.xmlunit\\xmlunit-core\\2.5.1\\4ffdb346572a7356f7521cd3119ce5287d2e339d\\xmlunit-core-2.5.1.jar;C:\\Users\\Isaac\\.gradle\\caches\\modules-2\\files-2.1\\net.bytebuddy\\byte-buddy\\1.7.11\\f02857a4e2c66ccbe7aaad6100a0a6c461bce9b3\\byte-buddy-1.7.11.jar;C:\\Users\\Isaac\\.gradle\\caches\\modules-2\\files-2.1\\net.bytebuddy\\byte-buddy-agent\\1.7.11\\b425a8933ca07edd03c6dbc8bc3b595fba9780de\\byte-buddy-agent-1.7.11.jar;C:\\Users\\Isaac\\.gradle\\caches\\modules-2\\files-2.1\\org.objenesis\\objenesis\\2.6\\639033469776fd37c08358c6b92a4761feb2af4b\\objenesis-2.6.jar;C:\\Users\\Isaac\\.gradle\\caches\\modules-2\\files-2.1\\org.springframework.boot\\spring-boot-starter-logging\\2.0.5.RELEASE\\c353e0b9591d0765c687ff0a678478cbebfd5c23\\spring-boot-starter-logging-2.0.5.RELEASE.jar;C:\\Users\\Isaac\\.gradle\\caches\\modules-2\\files-2.1\\ch.qos.logback\\logback-classic\\1.2.3\\7c4f3c474fb2c041d8028740440937705ebb473a\\logback-classic-1.2.3.jar;C:\\Users\\Isaac\\.gradle\\caches\\modules-2\\files-2.1\\org.apache.logging.log4j\\log4j-to-slf4j\\2.10.0\\f7e631ccf49cfc0aefa4a2a728da7d374c05bd3c\\log4j-to-slf4j-2.10.0.jar;C:\\Users\\Isaac\\.gradle\\caches\\modules-2\\files-2.1\\org.slf4j\\jul-to-slf4j\\1.7.25\\af5364cd6679bfffb114f0dec8a157aaa283b76\\jul-to-slf4j-1.7.25.jar;C:\\Users\\Isaac\\.gradle\\caches\\modules-2\\files-2.1\\org.slf4j\\slf4j-api\\1.7.25\\da76ca59f6a57ee3102f8f9bd9cee742973efa8a\\slf4j-api-1.7.25.jar;C:\\Users\\Isaac\\.gradle\\caches\\modules-2\\files-2.1\\org.apiguardian\\apiguardian-api\\1.1.0\\fc9dff4bb36d627bdc553de77e1f17efd790876c\\apiguardian-api-1.1.0.jar;C:\\Users\\Isaac\\.gradle\\caches\\modules-2\\files-2.1\\org.opentest4j\\opentest4j\\1.2.0\\28c11eb91f9b6d8e200631d46e20a7f407f2a046\\opentest4j-1.2.0.jar;C:\\Users\\Isaac\\.gradle\\caches\\modules-2\\files-2.1\\javax.annotation\\javax.annotation-api\\1.3.2\\934c04d3cfef185a8008e7bf34331b79730a9d43\\javax.annotation-api-1.3.2.jar;C:\\Users\\Isaac\\.gradle\\caches\\modules-2\\files-2.1\\org.yaml\\snakeyaml\\1.19\\2d998d3d674b172a588e54ab619854d073f555b5\\snakeyaml-1.19.jar;C:\\Users\\Isaac\\.gradle\\caches\\modules-2\\files-2.1\\org.apache.tomcat.embed\\tomcat-embed-websocket\\8.5.34\\5f86906367c2540b21e6aeecc277d2ce9ec939b0\\tomcat-embed-websocket-8.5.34.jar;C:\\Users\\Isaac\\.gradle\\caches\\modules-2\\files-2.1\\org.apache.tomcat.embed\\tomcat-embed-core\\8.5.34\\a038040d68a90397f95dd1e11b979fe364a5000f\\tomcat-embed-core-8.5.34.jar;C:\\Users\\Isaac\\.gradle\\caches\\modules-2\\files-2.1\\org.apache.tomcat.embed\\tomcat-embed-el\\8.5.34\\be71a9a5bdd001db7cf97c47429eec0bdd3b7b88\\tomcat-embed-el-8.5.34.jar;C:\\Users\\Isaac\\.gradle\\caches\\modules-2\\files-2.1\\javax.validation\\validation-api\\2.0.1.Final\\cb855558e6271b1b32e716d24cb85c7f583ce09e\\validation-api-2.0.1.Final.jar;C:\\Users\\Isaac\\.gradle\\caches\\modules-2\\files-2.1\\org.jboss.logging\\jboss-logging\\3.3.2.Final\\3789d00e859632e6c6206adc0c71625559e6e3b0\\jboss-logging-3.3.2.Final.jar;C:\\Users\\Isaac\\.gradle\\caches\\modules-2\\files-2.1\\com.fasterxml\\classmate\\1.3.4\\3d5f48f10bbe4eb7bd862f10c0583be2e0053c6\\classmate-1.3.4.jar;C:\\Users\\Isaac\\.gradle\\caches\\modules-2\\files-2.1\\org.springframework\\spring-jcl\\5.0.9.RELEASE\\bc3b5aaae53f0bc03647e53ecbd98a05b47a4e90\\spring-jcl-5.0.9.RELEASE.jar;C:\\Users\\Isaac\\.gradle\\caches\\modules-2\\files-2.1\\com.vaadin.external.google\\android-json\\0.0.20131108.vaadin1\\fa26d351fe62a6a17f5cda1287c1c6110dec413f\\android-json-0.0.20131108.vaadin1.jar;C:\\Users\\Isaac\\.gradle\\caches\\modules-2\\files-2.1\\ch.qos.logback\\logback-core\\1.2.3\\864344400c3d4d92dfeb0a305dc87d953677c03c\\logback-core-1.2.3.jar;C:\\Users\\Isaac\\.gradle\\caches\\modules-2\\files-2.1\\org.apache.logging.log4j\\log4j-api\\2.10.0\\fec5797a55b786184a537abd39c3fa1449d752d6\\log4j-api-2.10.0.jar, java.vm.vendor=Oracle Corporation, sun.arch.data.model=64, user.variant=, java.vendor.url=https://openjdk.java.net/, user.timezone=Africa/Luanda, os.name=Windows 10, java.vm.specification.version=11, user.country=US, sun.java.launcher=SUN_STANDARD, sun.boot.library.path=C:\Program Files\Java\jdk-11.0.8\bin, sun.java.command=worker.org.gradle.process.internal.worker.GradleWorkerMain 'Gradle Test Executor 5', jdk.debug=release, sun.cpu.endian=little, user.home=C:\Users\Isaac, user.language=en, java.specification.vendor=Oracle Corporation, org.gradle.native=false, java.version.date=2020-07-14, java.home=C:\Program Files\Java\jdk-11.0.8, file.separator=\, java.vm.compressedOopsMode=32-bit, line.separator=
, java.specification.name=Java Platform API Specification, java.vm.specification.vendor=Oracle Corporation, java.awt.graphicsenv=sun.awt.Win32GraphicsEnvironment, user.script=, sun.management.compiler=HotSpot 64-Bit Tiered Compilers, java.runtime.version=11.0.8+10-LTS, user.name=Isaac, path.separator=;, os.version=10.0, java.runtime.name=Java(TM) SE Runtime Environment, file.encoding=windows-1252, java.vm.name=Java HotSpot(TM) 64-Bit Server VM, java.vendor.version=18.9, java.vendor.url.bug=https://bugreport.java.com/bugreport/, java.io.tmpdir=C:\Users\Isaac\AppData\Local\Temp\, java.version=11.0.8, user.dir=C:\Users\Isaac\Documents\gradle.sample.project, os.arch=amd64, java.vm.specification.name=Java Virtual Machine Specification, java.awt.printerjob=sun.awt.windows.WPrinterJob, sun.os.patch.level=, java.library.path=C:\Program Files\Java\jdk-11.0.8\bin;C:\Windows\Sun\Java\bin;C:\Windows\system32;C:\Windows;C:\Python38\Scripts\;C:\Python38\;C:\Windows\system32;C:\Windows;C:\Windows\System32\Wbem;C:\Windows\System32\WindowsPowerShell\v1.0\;C:\Windows\System32\OpenSSH\;C:\Program Files (x86)\codeblocks\MinGW\bin;C:\Program Files\dotnet\;C:\Gradle\gradle-6.9\bin;C:\Program Files (x86)\sqlite;C:\Program Files (x86)\Inno Setup 6;C:\Program Files (x86)\WiX Toolset v3.11\bin;C:\flutter\bin;C:\Program Files\MySQL\MySQL Server 8.0\bin;C:\Program Files\PostgreSQL\12\bin;C:\Program Files\PuTTY\;C:\Program Files\NetBeans-11.1\netbeans\java\maven\bin;C:\Program Files\Java\scripts;C:\Program Files\nodejs\;C:\ProgramData\chocolatey\bin;C:\ProgramData\Anaconda3\condabin\;C:\Program Files\Tesseract-OCR;C:\Program Files\Git\cmd;C:\Program Files (x86)\Gpg4win\..\GnuPG\bin;C:\Python38\Scripts\;C:\Python38\;C:\Windows\system32;C:\Windows;C:\Windows\System32\Wbem;C:\Windows\System32\WindowsPowerShell\v1.0\;C:\Windows\System32\OpenSSH\;C:\Program Files (x86)\codeblocks\MinGW\bin;C:\Program Files\dotnet\;C:\Gradle\gradle-6.9\bin;C:\Program Files (x86)\sqlite;C:\Program Files (x86)\Inno Setup 6;C:\Program Files (x86)\WiX Toolset v3.11\bin;C:\flutter\bin;C:\Program Files\MySQL\MySQL Server 8.0\bin;C:\Program Files\PostgreSQL\12\bin;C:\Program Files\PuTTY\;C:\Program Files\NetBeans-11.1\netbeans\java\maven\bin;C:\Program Files\Java\scripts;C:\Program Files\nodejs\;C:\ProgramData\chocolatey\bin;C:\ProgramData\Anaconda3\condabin\;C:\Program Files\Tesseract-OCR;C:\Program Files\Git\cmd;C:\Program Files (x86)\Gpg4win\..\GnuPG\bin;C:\Users\Isaac\AppData\Local\Programs\Microsoft VS Code\bin;C:\cygwin64\bin;C:\Program Files\Java\jdk-11.0.8\bin;C:\Users\Isaac\AppData\Roaming\npm;C:\Users\Isaac\DKsources\convert\;;., java.vendor=Oracle Corporation, java.vm.info=mixed mode, java.vm.version=11.0.8+10-LTS, sun.io.unicode.encoding=UnicodeLittle, java.class.version=55.0}}, SystemEnvironmentPropertySource@1189990253 {name='systemEnvironment', properties={USERDOMAIN_ROAMINGPROFILE=SCRIPT, PROCESSOR_LEVEL=6, SESSIONNAME=Console, ALLUSERSPROFILE=C:\ProgramData, PROCESSOR_ARCHITECTURE=AMD64, PSModulePath=C:\Program Files\WindowsPowerShell\Modules;C:\Windows\system32\WindowsPowerShell\v1.0\Modules, SystemDrive=C:, MOZ_PLUGIN_PATH=C:\Program Files (x86)\Foxit Software\Foxit Reader\plugins\, DIRNAME=C:\Gradle\gradle-6.9\bin\, USERNAME=Isaac, ProgramFiles(x86)=C:\Program Files (x86), APP_HOME=C:\Gradle\gradle-6.9, DEFAULT_JVM_OPTS=&quot;-Xmx64m&quot; &quot;-Xms64m&quot;, PATHEXT=.COM;.EXE;.BAT;.CMD;.VBS;.VBE;.JS;.JSE;.WSF;.WSH;.MSC;.PY;.PYW, DriverData=C:\Windows\System32\Drivers\DriverData, PGDATA=C:\Program Files\PostgreSQL\12\data, ProgramData=C:\ProgramData, ProgramW6432=C:\Program Files, HOMEPATH=\Users\Isaac, PROCESSOR_IDENTIFIER=Intel64 Family 6 Model 55 Stepping 8, GenuineIntel, ProgramFiles=C:\Program Files, PUBLIC=C:\Users\Public, windir=C:\Windows, =::=::\, LOCALAPPDATA=C:\Users\Isaac\AppData\Local, ChocolateyLastPathUpdate=132460555976670753, USERDOMAIN=SCRIPT, LOGONSERVER=\\SCRIPT, JAVA_HOME=C:\Program Files\Java\jdk-11.0.8, PROMPT=$P$G, OneDrive=C:\Users\Isaac\OneDrive, QT_DEVICE_PIXEL_RATIO=auto, =C:=C:\Users\Isaac\Documents\gradle.sample.project, APPDATA=C:\Users\Isaac\AppData\Roaming, JAVA_EXE=C:\Program Files\Java\jdk-11.0.8/bin/java.exe, ChocolateyInstall=C:\ProgramData\chocolatey, CommonProgramFiles=C:\Program Files\Common Files, Path=C:\Python38\Scripts\;C:\Python38\;C:\Windows\system32;C:\Windows;C:\Windows\System32\Wbem;C:\Windows\System32\WindowsPowerShell\v1.0\;C:\Windows\System32\OpenSSH\;C:\Program Files (x86)\codeblocks\MinGW\bin;C:\Program Files\dotnet\;C:\Gradle\gradle-6.9\bin;C:\Program Files (x86)\sqlite;C:\Program Files (x86)\Inno Setup 6;C:\Program Files (x86)\WiX Toolset v3.11\bin;C:\flutter\bin;C:\Program Files\MySQL\MySQL Server 8.0\bin;C:\Program Files\PostgreSQL\12\bin;C:\Program Files\PuTTY\;C:\Program Files\NetBeans-11.1\netbeans\java\maven\bin;C:\Program Files\Java\scripts;C:\Program Files\nodejs\;C:\ProgramData\chocolatey\bin;C:\ProgramData\Anaconda3\condabin\;C:\Program Files\Tesseract-OCR;C:\Program Files\Git\cmd;C:\Program Files (x86)\Gpg4win\..\GnuPG\bin;C:\Python38\Scripts\;C:\Python38\;C:\Windows\system32;C:\Windows;C:\Windows\System32\Wbem;C:\Windows\System32\WindowsPowerShell\v1.0\;C:\Windows\System32\OpenSSH\;C:\Program Files (x86)\codeblocks\MinGW\bin;C:\Program Files\dotnet\;C:\Gradle\gradle-6.9\bin;C:\Program Files (x86)\sqlite;C:\Program Files (x86)\Inno Setup 6;C:\Program Files (x86)\WiX Toolset v3.11\bin;C:\flutter\bin;C:\Program Files\MySQL\MySQL Server 8.0\bin;C:\Program Files\PostgreSQL\12\bin;C:\Program Files\PuTTY\;C:\Program Files\NetBeans-11.1\netbeans\java\maven\bin;C:\Program Files\Java\scripts;C:\Program Files\nodejs\;C:\ProgramData\chocolatey\bin;C:\ProgramData\Anaconda3\condabin\;C:\Program Files\Tesseract-OCR;C:\Program Files\Git\cmd;C:\Program Files (x86)\Gpg4win\..\GnuPG\bin;C:\Users\Isaac\AppData\Local\Programs\Microsoft VS Code\bin;C:\cygwin64\bin;C:\Program Files\Java\jdk-11.0.8\bin;C:\Users\Isaac\AppData\Roaming\npm;C:\Users\Isaac\DKsources\convert\;, PT7HOME=C:\Program Files\Cisco Packet Tracer 7.2.1, OS=Windows_NT, COMPUTERNAME=SCRIPT, PROCESSOR_REVISION=3708, CLASSPATH=C:\Gradle\gradle-6.9\lib\gradle-launcher-6.9.jar, CommonProgramW6432=C:\Program Files\Common Files, ComSpec=C:\Windows\system32\cmd.exe, APP_BASE_NAME=gradle, SystemRoot=C:\Windows, TEMP=C:\Users\Isaac\AppData\Local\Temp, HOMEDRIVE=C:, USERPROFILE=C:\Users\Isaac, TMP=C:\Users\Isaac\AppData\Local\Temp, CommonProgramFiles(x86)=C:\Program Files (x86)\Common Files, NUMBER_OF_PROCESSORS=2}}]
12:35:23.762 [Test worker] DEBUG org.springframework.web.servlet.mvc.method.annotation.RequestMappingHandlerMapping - Looking for request mappings in application context: org.springframework.test.web.servlet.setup.StubWebApplicationContext@36036806
12:35:23.813 [Test worker] DEBUG org.springframework.web.servlet.mvc.method.annotation.RequestMappingHandlerMapping - 4 request handler methods found on class app.controller.ServiceController: {public app.rest.RestResponse app.controller.ServiceController.getUser(int)={[/{id}],methods=[GET],produces=[application/json]}, public app.rest.RestResponse app.controller.ServiceController.saveUser(app.model.User)={[],methods=[POST],produces=[application/json]}, public app.rest.RestResponse app.controller.ServiceController.deleteUser(int)={[/{id}],methods=[DELETE],produces=[application/json]}, public app.rest.RestResponse app.controller.ServiceController.updateUser(app.model.User)={[],methods=[PUT],produces=[application/json]}}
12:35:23.813 [Test worker] INFO org.springframework.web.servlet.mvc.method.annotation.RequestMappingHandlerMapping - Mapped &quot;{[/{id}],methods=[GET],produces=[application/json]}&quot; onto public app.rest.RestResponse&lt;app.model.User&gt; app.controller.ServiceController.getUser(int)
12:35:23.823 [Test worker] INFO org.springframework.web.servlet.mvc.method.annotation.RequestMappingHandlerMapping - Mapped &quot;{[],methods=[POST],produces=[application/json]}&quot; onto public app.rest.RestResponse app.controller.ServiceController.saveUser(app.model.User)
12:35:23.854 [Test worker] INFO org.springframework.web.servlet.mvc.method.annotation.RequestMappingHandlerMapping - Mapped &quot;{[/{id}],methods=[DELETE],produces=[application/json]}&quot; onto public app.rest.RestResponse app.controller.ServiceController.deleteUser(int)
12:35:23.864 [Test worker] INFO org.springframework.web.servlet.mvc.method.annotation.RequestMappingHandlerMapping - Mapped &quot;{[],methods=[PUT],produces=[application/json]}&quot; onto public app.rest.RestResponse app.controller.ServiceController.updateUser(app.model.User)
12:35:24.088 [Test worker] DEBUG org.hibernate.validator.internal.engine.resolver.TraversableResolvers - Cannot find javax.persistence.Persistence on classpath. Assuming non JPA 2 environment. All properties will per default be traversable.
12:35:24.088 [Test worker] DEBUG org.hibernate.validator.messageinterpolation.ResourceBundleMessageInterpolator - Loaded expression factory via original TCCL
12:35:24.097 [Test worker] DEBUG org.hibernate.validator.internal.engine.ConfigurationImpl - Setting custom MessageInterpolator of type org.springframework.validation.beanvalidation.LocaleContextMessageInterpolator
12:35:24.099 [Test worker] DEBUG org.hibernate.validator.internal.engine.ConfigurationImpl - Setting custom ParameterNameProvider of type org.springframework.validation.beanvalidation.LocalValidatorFactoryBean$1
12:35:24.109 [Test worker] DEBUG org.hibernate.validator.internal.xml.config.ValidationXmlParser - Trying to load META-INF/validation.xml for XML based Validator configuration.
12:35:24.109 [Test worker] DEBUG org.hibernate.validator.internal.xml.config.ResourceLoaderHelper - Trying to load META-INF/validation.xml via TCCL
12:35:24.137 [Test worker] DEBUG org.hibernate.validator.internal.xml.config.ResourceLoaderHelper - Trying to load META-INF/validation.xml via Hibernate Validator's class loader
12:35:24.140 [Test worker] DEBUG org.hibernate.validator.internal.xml.config.ValidationXmlParser - No META-INF/validation.xml found. Using annotation based configuration only.
12:35:24.394 [Test worker] DEBUG org.hibernate.validator.internal.engine.ValidatorFactoryImpl - HV000234: Using org.springframework.validation.beanvalidation.LocaleContextMessageInterpolator as ValidatorFactory-scoped message interpolator.
12:35:24.402 [Test worker] DEBUG org.hibernate.validator.internal.engine.ValidatorFactoryImpl - HV000234: Using org.hibernate.validator.internal.engine.resolver.TraverseAllTraversableResolver as ValidatorFactory-scoped traversable resolver.
12:35:24.405 [Test worker] DEBUG org.hibernate.validator.internal.engine.ValidatorFactoryImpl - HV000234: Using org.hibernate.validator.internal.util.ExecutableParameterNameProvider as ValidatorFactory-scoped parameter name provider.
12:35:24.405 [Test worker] DEBUG org.hibernate.validator.internal.engine.ValidatorFactoryImpl - HV000234: Using org.hibernate.validator.internal.engine.DefaultClockProvider as ValidatorFactory-scoped clock provider.
12:35:24.405 [Test worker] DEBUG org.hibernate.validator.internal.engine.ValidatorFactoryImpl - HV000234: Using org.hibernate.validator.internal.engine.scripting.DefaultScriptEvaluatorFactory as ValidatorFactory-scoped script evaluator factory.
12:35:24.425 [Test worker] INFO org.springframework.web.servlet.mvc.method.annotation.RequestMappingHandlerAdapter - Looking for @ControllerAdvice: org.springframework.test.web.servlet.setup.StubWebApplicationContext@36036806
12:35:24.608 [Test worker] DEBUG org.springframework.web.servlet.mvc.method.annotation.ExceptionHandlerExceptionResolver - Looking for exception mappings: org.springframework.test.web.servlet.setup.StubWebApplicationContext@36036806
12:35:24.618 [Test worker] DEBUG org.springframework.test.web.servlet.TestDispatcherServlet - Initializing servlet ''
12:35:24.618 [Test worker] INFO org.springframework.mock.web.MockServletContext - Initializing Spring FrameworkServlet ''
12:35:24.618 [Test worker] INFO org.springframework.test.web.servlet.TestDispatcherServlet - FrameworkServlet '': initialization started
12:35:24.618 [Test worker] DEBUG org.springframework.test.web.servlet.TestDispatcherServlet - Unable to locate MultipartResolver with name 'multipartResolver': no multipart request handling provided
12:35:24.618 [Test worker] DEBUG org.springframework.test.web.servlet.TestDispatcherServlet - Using LocaleResolver [org.springframework.web.servlet.i18n.AcceptHeaderLocaleResolver@236ef0d4]
12:35:24.618 [Test worker] DEBUG org.springframework.test.web.servlet.TestDispatcherServlet - Using ThemeResolver [org.springframework.web.servlet.theme.FixedThemeResolver@c0e3b7f]
12:35:24.618 [Test worker] DEBUG org.springframework.test.web.servlet.TestDispatcherServlet - Using RequestToViewNameTranslator [org.springframework.web.servlet.view.DefaultRequestToViewNameTranslator@4e94946a]
12:35:24.618 [Test worker] DEBUG org.springframework.test.web.servlet.TestDispatcherServlet - Using FlashMapManager [org.springframework.web.servlet.support.SessionFlashMapManager@104720fd]
12:35:24.618 [Test worker] DEBUG org.springframework.test.web.servlet.TestDispatcherServlet - Published WebApplicationContext of servlet '' as ServletContext attribute with name [org.springframework.web.servlet.FrameworkServlet.CONTEXT.]
12:35:24.618 [Test worker] INFO org.springframework.test.web.servlet.TestDispatcherServlet - FrameworkServlet '': initialization completed in 0 ms
12:35:24.618 [Test worker] DEBUG org.springframework.test.web.servlet.TestDispatcherServlet - Servlet '' configured successfully
12:35:24.627 [Test worker] DEBUG org.springframework.test.web.servlet.TestDispatcherServlet - DispatcherServlet with name '' processing DELETE request for [/user/3]
12:35:24.627 [Test worker] DEBUG org.springframework.web.servlet.mvc.method.annotation.RequestMappingHandlerMapping - Looking up handler method for path /user/3
12:35:24.629 [Test worker] WARN org.springframework.web.servlet.mvc.support.DefaultHandlerExceptionResolver - Resolved [org.springframework.web.HttpRequestMethodNotSupportedException: Request method 'DELETE' not supported]
12:35:24.629 [Test worker] DEBUG org.springframework.test.web.servlet.TestDispatcherServlet - Null ModelAndView returned to DispatcherServlet with name '': assuming HandlerAdapter completed request handling
12:35:24.873 [Test worker] DEBUG org.springframework.test.web.servlet.TestDispatcherServlet - Successfully completed request
12:35:25.036 [Test worker] DEBUG org.springframework.core.env.StandardEnvironment - Adding PropertySource 'systemProperties' with lowest search precedence
12:35:25.036 [Test worker] DEBUG org.springframework.core.env.StandardEnvironment - Adding PropertySource 'systemEnvironment' with lowest search precedence
12:35:25.177 [Test worker] DEBUG org.springframework.core.env.StandardEnvironment - Initialized StandardEnvironment with PropertySources [MapPropertySource@1739324999 {name='systemProperties', properties={sun.desktop=windows, awt.toolkit=sun.awt.windows.WToolkit, java.specification.version=11, sun.cpu.isalist=amd64, sun.jnu.encoding=Cp1252, org.gradle.test.worker=5, java.class.path=C:\\Users\\Isaac\\.gradle\\caches\\6.9\\workerMain\\gradle-worker.jar;C:\\Users\\Isaac\\Documents\\gradle.sample.project\\build\\classes\\java\\test;C:\\Users\\Isaac\\Documents\\gradle.sample.project\\build\\resources\\test;C:\\Users\\Isaac\\Documents\\gradle.sample.project\\build\\classes\\java\\main;C:\\Users\\Isaac\\Documents\\gradle.sample.project\\build\\resources\\main;C:\\Users\\Isaac\\.gradle\\caches\\modules-2\\files-2.1\\org.springframework.boot\\spring-boot-starter-web\\2.0.5.RELEASE\\52daa1f1509bd637a737206e54c06a17aabb9504\\spring-boot-starter-web-2.0.5.RELEASE.jar;C:\\Users\\Isaac\\.gradle\\caches\\modules-2\\files-2.1\\javax.servlet\\javax.servlet-api\\3.1.0\\3cd63d075497751784b2fa84be59432f4905bf7c\\javax.servlet-api-3.1.0.jar;C:\\Users\\Isaac\\.gradle\\caches\\modules-2\\files-2.1\\org.springframework\\spring-webmvc\\5.0.9.RELEASE\\c18346caaeb8dc648c4cc01874996fd9fef76664\\spring-webmvc-5.0.9.RELEASE.jar;C:\\Users\\Isaac\\.gradle\\caches\\modules-2\\files-2.1\\org.springframework.boot\\spring-boot-starter-json\\2.0.5.RELEASE\\d0052ded4733ceb1fb7d927238f22f9a92099227\\spring-boot-starter-json-2.0.5.RELEASE.jar;C:\\Users\\Isaac\\.gradle\\caches\\modules-2\\files-2.1\\com.fasterxml.jackson.datatype\\jackson-datatype-jdk8\\2.9.6\\456895fc91bf7180b216fead220373e6278230c9\\jackson-datatype-jdk8-2.9.6.jar;C:\\Users\\Isaac\\.gradle\\caches\\modules-2\\files-2.1\\com.fasterxml.jackson.datatype\\jackson-datatype-jsr310\\2.9.6\\ea54f6193d224e5e5732bbd4262327eb465397c2\\jackson-datatype-jsr310-2.9.6.jar;C:\\Users\\Isaac\\.gradle\\caches\\modules-2\\files-2.1\\com.fasterxml.jackson.module\\jackson-module-parameter-names\\2.9.6\\129acd77a4b6ee30d62d3a0899b1344c8ec2bff8\\jackson-module-parameter-names-2.9.6.jar;C:\\Users\\Isaac\\.gradle\\caches\\modules-2\\files-2.1\\com.fasterxml.jackson.core\\jackson-databind\\2.9.6\\cfa4f316351a91bfd95cb0644c6a2c95f52db1fc\\jackson-databind-2.9.6.jar;C:\\Users\\Isaac\\.gradle\\caches\\modules-2\\files-2.1\\net.bytebuddy\\byte-buddy-dep\\1.10.14\\f2b9bda03a184c5238b62a150a0af4c95a6aa86b\\byte-buddy-dep-1.10.14.jar;C:\\Users\\Isaac\\.gradle\\caches\\modules-2\\files-2.1\\org.springframework.boot\\spring-boot-starter-test\\2.0.5.RELEASE\\ab04ca2e76f6a8e786001352a81a10e4b0e7fbc8\\spring-boot-starter-test-2.0.5.RELEASE.jar;C:\\Users\\Isaac\\.gradle\\caches\\modules-2\\files-2.1\\org.mockito\\mockito-junit-jupiter\\3.7.7\\bfc1de0638562399c49216d9035df32d58335e59\\mockito-junit-jupiter-3.7.7.jar;C:\\Users\\Isaac\\.gradle\\caches\\modules-2\\files-2.1\\org.mockito\\mockito-core\\2.28.2\\91110215a8cb9b77a46e045ee758f77d79167cc0\\mockito-core-2.28.2.jar;C:\\Users\\Isaac\\.gradle\\caches\\modules-2\\files-2.1\\com.jayway.jsonpath\\json-path-assert\\2.4.0\\7f0af70880604c03cfcaf7e830d776b87ecf729d\\json-path-assert-2.4.0.jar;C:\\Users\\Isaac\\.gradle\\caches\\modules-2\\files-2.1\\com.jayway.jsonpath\\json-path\\2.4.0\\765a4401ceb2dc8d40553c2075eb80a8fa35c2ae\\json-path-2.4.0.jar;C:\\Users\\Isaac\\.gradle\\caches\\modules-2\\files-2.1\\org.hamcrest\\hamcrest\\2.1\\9420ba32c29217b54eebd26ff7f9234d31c3fbb2\\hamcrest-2.1.jar;C:\\Users\\Isaac\\.gradle\\caches\\modules-2\\files-2.1\\org.junit.platform\\junit-platform-engine\\1.7.1\\d276a968c57f5d60a421dedd1f8b6ca2fae09e86\\junit-platform-engine-1.7.1.jar;C:\\Users\\Isaac\\.gradle\\caches\\modules-2\\files-2.1\\org.junit.platform\\junit-platform-commons\\1.7.1\\7c49f0074842d07f4335de2389d624a7437d1407\\junit-platform-commons-1.7.1.jar;C:\\Users\\Isaac\\.gradle\\caches\\modules-2\\files-2.1\\org.junit.jupiter\\junit-jupiter-engine\\5.7.1\\7fcfa59c5533abb41f86b1408960737eeaf1f49f\\junit-jupiter-engine-5.7.1.jar;C:\\Users\\Isaac\\.gradle\\caches\\modules-2\\files-2.1\\org.junit.jupiter\\junit-jupiter-api\\5.7.1\\a7261dff44e64aea7f621842eac5977fd6d2412d\\junit-jupiter-api-5.7.1.jar;C:\\Users\\Isaac\\.gradle\\caches\\modules-2\\files-2.1\\org.springframework.boot\\spring-boot-starter\\2.0.5.RELEASE\\1f53487a373be18d064a5815e9bac9882ef15cdc\\spring-boot-starter-2.0.5.RELEASE.jar;C:\\Users\\Isaac\\.gradle\\caches\\modules-2\\files-2.1\\org.springframework.boot\\spring-boot-starter-tomcat\\2.0.5.RELEASE\\eaac8a5d73b45400bc88cd7f6b5c99b5f0d5e9b7\\spring-boot-starter-tomcat-2.0.5.RELEASE.jar;C:\\Users\\Isaac\\.gradle\\caches\\modules-2\\files-2.1\\org.hibernate.validator\\hibernate-validator\\6.0.12.Final\\478003e61b056c1f97840ba3e62ff31cdc89597\\hibernate-validator-6.0.12.Final.jar;C:\\Users\\Isaac\\.gradle\\caches\\modules-2\\files-2.1\\org.springframework\\spring-web\\5.0.9.RELEASE\\1ea3aab93340849313fa74ec626ddaf1fff9ed8e\\spring-web-5.0.9.RELEASE.jar;C:\\Users\\Isaac\\.gradle\\caches\\modules-2\\files-2.1\\org.springframework.boot\\spring-boot-test-autoconfigure\\2.0.5.RELEASE\\54d5e8f9e88c6236fe164474f0aed5a8a1052c43\\spring-boot-test-autoconfigure-2.0.5.RELEASE.jar;C:\\Users\\Isaac\\.gradle\\caches\\modules-2\\files-2.1\\org.springframework.boot\\spring-boot-test\\2.0.5.RELEASE\\ce6353f33217982357a6bdba6576015ea333304c\\spring-boot-test-2.0.5.RELEASE.jar;C:\\Users\\Isaac\\.gradle\\caches\\modules-2\\files-2.1\\org.springframework.boot\\spring-boot-autoconfigure\\2.0.5.RELEASE\\e5588642799e0c0c04638e255c3d3f31ba400ff4\\spring-boot-autoconfigure-2.0.5.RELEASE.jar;C:\\Users\\Isaac\\.gradle\\caches\\modules-2\\files-2.1\\org.springframework.boot\\spring-boot\\2.0.5.RELEASE\\19a4624cbd89a318d10c79f289c6c816043850fb\\spring-boot-2.0.5.RELEASE.jar;C:\\Users\\Isaac\\.gradle\\caches\\modules-2\\files-2.1\\org.springframework\\spring-context\\5.0.9.RELEASE\\2501e55acb6c2e84667cda3f845d1d00a0dc4e05\\spring-context-5.0.9.RELEASE.jar;C:\\Users\\Isaac\\.gradle\\caches\\modules-2\\files-2.1\\org.springframework\\spring-aop\\5.0.9.RELEASE\\98003b099697fe46b6bdf18c7e3f66d7a1381060\\spring-aop-5.0.9.RELEASE.jar;C:\\Users\\Isaac\\.gradle\\caches\\modules-2\\files-2.1\\org.springframework\\spring-beans\\5.0.9.RELEASE\\65f56fdab1bb90ad059e314d2f2f4cf76f9bdbde\\spring-beans-5.0.9.RELEASE.jar;C:\\Users\\Isaac\\.gradle\\caches\\modules-2\\files-2.1\\org.springframework\\spring-expression\\5.0.9.RELEASE\\1f9db5ff3a758102c0434cc3457aa47c50c39a4a\\spring-expression-5.0.9.RELEASE.jar;C:\\Users\\Isaac\\.gradle\\caches\\modules-2\\files-2.1\\org.springframework\\spring-test\\5.0.9.RELEASE\\218c8648f898453be92d550252e0ce2a84b54375\\spring-test-5.0.9.RELEASE.jar;C:\\Users\\Isaac\\.gradle\\caches\\modules-2\\files-2.1\\org.springframework\\spring-core\\5.0.9.RELEASE\\9f9a828936d81afd49a603bda9cc1aed863a0d85\\spring-core-5.0.9.RELEASE.jar;C:\\Users\\Isaac\\.gradle\\caches\\modules-2\\files-2.1\\com.fasterxml.jackson.core\\jackson-annotations\\2.9.0\\7c10d545325e3a6e72e06381afe469fd40eb701\\jackson-annotations-2.9.0.jar;C:\\Users\\Isaac\\.gradle\\caches\\modules-2\\files-2.1\\com.fasterxml.jackson.core\\jackson-core\\2.9.6\\4e393793c37c77e042ccc7be5a914ae39251b365\\jackson-core-2.9.6.jar;C:\\Users\\Isaac\\.gradle\\caches\\modules-2\\files-2.1\\org.ow2.asm\\asm-commons\\8.0.1\\19c7ba355f0737815205518e332a8dc08b417c6\\asm-commons-8.0.1.jar;C:\\Users\\Isaac\\.gradle\\caches\\modules-2\\files-2.1\\net.minidev\\json-smart\\2.3\\7396407491352ce4fa30de92efb158adb76b5b\\json-smart-2.3.jar;C:\\Users\\Isaac\\.gradle\\caches\\modules-2\\files-2.1\\net.minidev\\accessors-smart\\1.2\\c592b500269bfde36096641b01238a8350f8aa31\\accessors-smart-1.2.jar;C:\\Users\\Isaac\\.gradle\\caches\\modules-2\\files-2.1\\org.ow2.asm\\asm\\8.0.1\\3f5199523fb95304b44563f5d56d9f5a07270669\\asm-8.0.1.jar;C:\\Users\\Isaac\\.gradle\\caches\\modules-2\\files-2.1\\junit\\junit\\4.12\\2973d150c0dc1fefe998f834810d68f278ea58ec\\junit-4.12.jar;C:\\Users\\Isaac\\.gradle\\caches\\modules-2\\files-2.1\\org.assertj\\assertj-core\\3.9.1\\c5ce126b15f28d56cd8f960c1a6a058b9c9aea87\\assertj-core-3.9.1.jar;C:\\Users\\Isaac\\.gradle\\caches\\modules-2\\files-2.1\\org.hamcrest\\hamcrest-library\\1.3\\4785a3c21320980282f9f33d0d1264a69040538f\\hamcrest-library-1.3.jar;C:\\Users\\Isaac\\.gradle\\caches\\modules-2\\files-2.1\\org.hamcrest\\hamcrest-core\\1.3\\42a25dc3219429f0e5d060061f71acb49bf010a0\\hamcrest-core-1.3.jar;C:\\Users\\Isaac\\.gradle\\caches\\modules-2\\files-2.1\\org.skyscreamer\\jsonassert\\1.5.0\\6c9d5fe2f59da598d9aefc1cfc6528ff3cf32df3\\jsonassert-1.5.0.jar;C:\\Users\\Isaac\\.gradle\\caches\\modules-2\\files-2.1\\org.xmlunit\\xmlunit-core\\2.5.1\\4ffdb346572a7356f7521cd3119ce5287d2e339d\\xmlunit-core-2.5.1.jar;C:\\Users\\Isaac\\.gradle\\caches\\modules-2\\files-2.1\\net.bytebuddy\\byte-buddy\\1.7.11\\f02857a4e2c66ccbe7aaad6100a0a6c461bce9b3\\byte-buddy-1.7.11.jar;C:\\Users\\Isaac\\.gradle\\caches\\modules-2\\files-2.1\\net.bytebuddy\\byte-buddy-agent\\1.7.11\\b425a8933ca07edd03c6dbc8bc3b595fba9780de\\byte-buddy-agent-1.7.11.jar;C:\\Users\\Isaac\\.gradle\\caches\\modules-2\\files-2.1\\org.objenesis\\objenesis\\2.6\\639033469776fd37c08358c6b92a4761feb2af4b\\objenesis-2.6.jar;C:\\Users\\Isaac\\.gradle\\caches\\modules-2\\files-2.1\\org.springframework.boot\\spring-boot-starter-logging\\2.0.5.RELEASE\\c353e0b9591d0765c687ff0a678478cbebfd5c23\\spring-boot-starter-logging-2.0.5.RELEASE.jar;C:\\Users\\Isaac\\.gradle\\caches\\modules-2\\files-2.1\\ch.qos.logback\\logback-classic\\1.2.3\\7c4f3c474fb2c041d8028740440937705ebb473a\\logback-classic-1.2.3.jar;C:\\Users\\Isaac\\.gradle\\caches\\modules-2\\files-2.1\\org.apache.logging.log4j\\log4j-to-slf4j\\2.10.0\\f7e631ccf49cfc0aefa4a2a728da7d374c05bd3c\\log4j-to-slf4j-2.10.0.jar;C:\\Users\\Isaac\\.gradle\\caches\\modules-2\\files-2.1\\org.slf4j\\jul-to-slf4j\\1.7.25\\af5364cd6679bfffb114f0dec8a157aaa283b76\\jul-to-slf4j-1.7.25.jar;C:\\Users\\Isaac\\.gradle\\caches\\modules-2\\files-2.1\\org.slf4j\\slf4j-api\\1.7.25\\da76ca59f6a57ee3102f8f9bd9cee742973efa8a\\slf4j-api-1.7.25.jar;C:\\Users\\Isaac\\.gradle\\caches\\modules-2\\files-2.1\\org.apiguardian\\apiguardian-api\\1.1.0\\fc9dff4bb36d627bdc553de77e1f17efd790876c\\apiguardian-api-1.1.0.jar;C:\\Users\\Isaac\\.gradle\\caches\\modules-2\\files-2.1\\org.opentest4j\\opentest4j\\1.2.0\\28c11eb91f9b6d8e200631d46e20a7f407f2a046\\opentest4j-1.2.0.jar;C:\\Users\\Isaac\\.gradle\\caches\\modules-2\\files-2.1\\javax.annotation\\javax.annotation-api\\1.3.2\\934c04d3cfef185a8008e7bf34331b79730a9d43\\javax.annotation-api-1.3.2.jar;C:\\Users\\Isaac\\.gradle\\caches\\modules-2\\files-2.1\\org.yaml\\snakeyaml\\1.19\\2d998d3d674b172a588e54ab619854d073f555b5\\snakeyaml-1.19.jar;C:\\Users\\Isaac\\.gradle\\caches\\modules-2\\files-2.1\\org.apache.tomcat.embed\\tomcat-embed-websocket\\8.5.34\\5f86906367c2540b21e6aeecc277d2ce9ec939b0\\tomcat-embed-websocket-8.5.34.jar;C:\\Users\\Isaac\\.gradle\\caches\\modules-2\\files-2.1\\org.apache.tomcat.embed\\tomcat-embed-core\\8.5.34\\a038040d68a90397f95dd1e11b979fe364a5000f\\tomcat-embed-core-8.5.34.jar;C:\\Users\\Isaac\\.gradle\\caches\\modules-2\\files-2.1\\org.apache.tomcat.embed\\tomcat-embed-el\\8.5.34\\be71a9a5bdd001db7cf97c47429eec0bdd3b7b88\\tomcat-embed-el-8.5.34.jar;C:\\Users\\Isaac\\.gradle\\caches\\modules-2\\files-2.1\\javax.validation\\validation-api\\2.0.1.Final\\cb855558e6271b1b32e716d24cb85c7f583ce09e\\validation-api-2.0.1.Final.jar;C:\\Users\\Isaac\\.gradle\\caches\\modules-2\\files-2.1\\org.jboss.logging\\jboss-logging\\3.3.2.Final\\3789d00e859632e6c6206adc0c71625559e6e3b0\\jboss-logging-3.3.2.Final.jar;C:\\Users\\Isaac\\.gradle\\caches\\modules-2\\files-2.1\\com.fasterxml\\classmate\\1.3.4\\3d5f48f10bbe4eb7bd862f10c0583be2e0053c6\\classmate-1.3.4.jar;C:\\Users\\Isaac\\.gradle\\caches\\modules-2\\files-2.1\\org.springframework\\spring-jcl\\5.0.9.RELEASE\\bc3b5aaae53f0bc03647e53ecbd98a05b47a4e90\\spring-jcl-5.0.9.RELEASE.jar;C:\\Users\\Isaac\\.gradle\\caches\\modules-2\\files-2.1\\com.vaadin.external.google\\android-json\\0.0.20131108.vaadin1\\fa26d351fe62a6a17f5cda1287c1c6110dec413f\\android-json-0.0.20131108.vaadin1.jar;C:\\Users\\Isaac\\.gradle\\caches\\modules-2\\files-2.1\\ch.qos.logback\\logback-core\\1.2.3\\864344400c3d4d92dfeb0a305dc87d953677c03c\\logback-core-1.2.3.jar;C:\\Users\\Isaac\\.gradle\\caches\\modules-2\\files-2.1\\org.apache.logging.log4j\\log4j-api\\2.10.0\\fec5797a55b786184a537abd39c3fa1449d752d6\\log4j-api-2.10.0.jar, java.vm.vendor=Oracle Corporation, sun.arch.data.model=64, user.variant=, java.vendor.url=https://openjdk.java.net/, user.timezone=Africa/Luanda, os.name=Windows 10, java.vm.specification.version=11, user.country=US, sun.java.launcher=SUN_STANDARD, sun.boot.library.path=C:\Program Files\Java\jdk-11.0.8\bin, sun.java.command=worker.org.gradle.process.internal.worker.GradleWorkerMain 'Gradle Test Executor 5', jdk.debug=release, sun.cpu.endian=little, user.home=C:\Users\Isaac, user.language=en, java.specification.vendor=Oracle Corporation, org.gradle.native=false, java.version.date=2020-07-14, java.home=C:\Program Files\Java\jdk-11.0.8, file.separator=\, java.vm.compressedOopsMode=32-bit, line.separator=
, java.specification.name=Java Platform API Specification, java.vm.specification.vendor=Oracle Corporation, java.awt.graphicsenv=sun.awt.Win32GraphicsEnvironment, user.script=, sun.management.compiler=HotSpot 64-Bit Tiered Compilers, java.runtime.version=11.0.8+10-LTS, user.name=Isaac, path.separator=;, os.version=10.0, java.runtime.name=Java(TM) SE Runtime Environment, file.encoding=windows-1252, java.vm.name=Java HotSpot(TM) 64-Bit Server VM, java.vendor.version=18.9, java.vendor.url.bug=https://bugreport.java.com/bugreport/, java.io.tmpdir=C:\Users\Isaac\AppData\Local\Temp\, java.version=11.0.8, user.dir=C:\Users\Isaac\Documents\gradle.sample.project, os.arch=amd64, java.vm.specification.name=Java Virtual Machine Specification, java.awt.printerjob=sun.awt.windows.WPrinterJob, sun.os.patch.level=, java.library.path=C:\Program Files\Java\jdk-11.0.8\bin;C:\Windows\Sun\Java\bin;C:\Windows\system32;C:\Windows;C:\Python38\Scripts\;C:\Python38\;C:\Windows\system32;C:\Windows;C:\Windows\System32\Wbem;C:\Windows\System32\WindowsPowerShell\v1.0\;C:\Windows\System32\OpenSSH\;C:\Program Files (x86)\codeblocks\MinGW\bin;C:\Program Files\dotnet\;C:\Gradle\gradle-6.9\bin;C:\Program Files (x86)\sqlite;C:\Program Files (x86)\Inno Setup 6;C:\Program Files (x86)\WiX Toolset v3.11\bin;C:\flutter\bin;C:\Program Files\MySQL\MySQL Server 8.0\bin;C:\Program Files\PostgreSQL\12\bin;C:\Program Files\PuTTY\;C:\Program Files\NetBeans-11.1\netbeans\java\maven\bin;C:\Program Files\Java\scripts;C:\Program Files\nodejs\;C:\ProgramData\chocolatey\bin;C:\ProgramData\Anaconda3\condabin\;C:\Program Files\Tesseract-OCR;C:\Program Files\Git\cmd;C:\Program Files (x86)\Gpg4win\..\GnuPG\bin;C:\Python38\Scripts\;C:\Python38\;C:\Windows\system32;C:\Windows;C:\Windows\System32\Wbem;C:\Windows\System32\WindowsPowerShell\v1.0\;C:\Windows\System32\OpenSSH\;C:\Program Files (x86)\codeblocks\MinGW\bin;C:\Program Files\dotnet\;C:\Gradle\gradle-6.9\bin;C:\Program Files (x86)\sqlite;C:\Program Files (x86)\Inno Setup 6;C:\Program Files (x86)\WiX Toolset v3.11\bin;C:\flutter\bin;C:\Program Files\MySQL\MySQL Server 8.0\bin;C:\Program Files\PostgreSQL\12\bin;C:\Program Files\PuTTY\;C:\Program Files\NetBeans-11.1\netbeans\java\maven\bin;C:\Program Files\Java\scripts;C:\Program Files\nodejs\;C:\ProgramData\chocolatey\bin;C:\ProgramData\Anaconda3\condabin\;C:\Program Files\Tesseract-OCR;C:\Program Files\Git\cmd;C:\Program Files (x86)\Gpg4win\..\GnuPG\bin;C:\Users\Isaac\AppData\Local\Programs\Microsoft VS Code\bin;C:\cygwin64\bin;C:\Program Files\Java\jdk-11.0.8\bin;C:\Users\Isaac\AppData\Roaming\npm;C:\Users\Isaac\DKsources\convert\;;., java.vendor=Oracle Corporation, java.vm.info=mixed mode, java.vm.version=11.0.8+10-LTS, sun.io.unicode.encoding=UnicodeLittle, java.class.version=55.0}}, SystemEnvironmentPropertySource@572384210 {name='systemEnvironment', properties={USERDOMAIN_ROAMINGPROFILE=SCRIPT, PROCESSOR_LEVEL=6, SESSIONNAME=Console, ALLUSERSPROFILE=C:\ProgramData, PROCESSOR_ARCHITECTURE=AMD64, PSModulePath=C:\Program Files\WindowsPowerShell\Modules;C:\Windows\system32\WindowsPowerShell\v1.0\Modules, SystemDrive=C:, MOZ_PLUGIN_PATH=C:\Program Files (x86)\Foxit Software\Foxit Reader\plugins\, DIRNAME=C:\Gradle\gradle-6.9\bin\, USERNAME=Isaac, ProgramFiles(x86)=C:\Program Files (x86), APP_HOME=C:\Gradle\gradle-6.9, DEFAULT_JVM_OPTS=&quot;-Xmx64m&quot; &quot;-Xms64m&quot;, PATHEXT=.COM;.EXE;.BAT;.CMD;.VBS;.VBE;.JS;.JSE;.WSF;.WSH;.MSC;.PY;.PYW, DriverData=C:\Windows\System32\Drivers\DriverData, PGDATA=C:\Program Files\PostgreSQL\12\data, ProgramData=C:\ProgramData, ProgramW6432=C:\Program Files, HOMEPATH=\Users\Isaac, PROCESSOR_IDENTIFIER=Intel64 Family 6 Model 55 Stepping 8, GenuineIntel, ProgramFiles=C:\Program Files, PUBLIC=C:\Users\Public, windir=C:\Windows, =::=::\, LOCALAPPDATA=C:\Users\Isaac\AppData\Local, ChocolateyLastPathUpdate=132460555976670753, USERDOMAIN=SCRIPT, LOGONSERVER=\\SCRIPT, JAVA_HOME=C:\Program Files\Java\jdk-11.0.8, PROMPT=$P$G, OneDrive=C:\Users\Isaac\OneDrive, QT_DEVICE_PIXEL_RATIO=auto, =C:=C:\Users\Isaac\Documents\gradle.sample.project, APPDATA=C:\Users\Isaac\AppData\Roaming, JAVA_EXE=C:\Program Files\Java\jdk-11.0.8/bin/java.exe, ChocolateyInstall=C:\ProgramData\chocolatey, CommonProgramFiles=C:\Program Files\Common Files, Path=C:\Python38\Scripts\;C:\Python38\;C:\Windows\system32;C:\Windows;C:\Windows\System32\Wbem;C:\Windows\System32\WindowsPowerShell\v1.0\;C:\Windows\System32\OpenSSH\;C:\Program Files (x86)\codeblocks\MinGW\bin;C:\Program Files\dotnet\;C:\Gradle\gradle-6.9\bin;C:\Program Files (x86)\sqlite;C:\Program Files (x86)\Inno Setup 6;C:\Program Files (x86)\WiX Toolset v3.11\bin;C:\flutter\bin;C:\Program Files\MySQL\MySQL Server 8.0\bin;C:\Program Files\PostgreSQL\12\bin;C:\Program Files\PuTTY\;C:\Program Files\NetBeans-11.1\netbeans\java\maven\bin;C:\Program Files\Java\scripts;C:\Program Files\nodejs\;C:\ProgramData\chocolatey\bin;C:\ProgramData\Anaconda3\condabin\;C:\Program Files\Tesseract-OCR;C:\Program Files\Git\cmd;C:\Program Files (x86)\Gpg4win\..\GnuPG\bin;C:\Python38\Scripts\;C:\Python38\;C:\Windows\system32;C:\Windows;C:\Windows\System32\Wbem;C:\Windows\System32\WindowsPowerShell\v1.0\;C:\Windows\System32\OpenSSH\;C:\Program Files (x86)\codeblocks\MinGW\bin;C:\Program Files\dotnet\;C:\Gradle\gradle-6.9\bin;C:\Program Files (x86)\sqlite;C:\Program Files (x86)\Inno Setup 6;C:\Program Files (x86)\WiX Toolset v3.11\bin;C:\flutter\bin;C:\Program Files\MySQL\MySQL Server 8.0\bin;C:\Program Files\PostgreSQL\12\bin;C:\Program Files\PuTTY\;C:\Program Files\NetBeans-11.1\netbeans\java\maven\bin;C:\Program Files\Java\scripts;C:\Program Files\nodejs\;C:\ProgramData\chocolatey\bin;C:\ProgramData\Anaconda3\condabin\;C:\Program Files\Tesseract-OCR;C:\Program Files\Git\cmd;C:\Program Files (x86)\Gpg4win\..\GnuPG\bin;C:\Users\Isaac\AppData\Local\Programs\Microsoft VS Code\bin;C:\cygwin64\bin;C:\Program Files\Java\jdk-11.0.8\bin;C:\Users\Isaac\AppData\Roaming\npm;C:\Users\Isaac\DKsources\convert\;, PT7HOME=C:\Program Files\Cisco Packet Tracer 7.2.1, OS=Windows_NT, COMPUTERNAME=SCRIPT, PROCESSOR_REVISION=3708, CLASSPATH=C:\Gradle\gradle-6.9\lib\gradle-launcher-6.9.jar, CommonProgramW6432=C:\Program Files\Common Files, ComSpec=C:\Windows\system32\cmd.exe, APP_BASE_NAME=gradle, SystemRoot=C:\Windows, TEMP=C:\Users\Isaac\AppData\Local\Temp, HOMEDRIVE=C:, USERPROFILE=C:\Users\Isaac, TMP=C:\Users\Isaac\AppData\Local\Temp, CommonProgramFiles(x86)=C:\Program Files (x86)\Common Files, NUMBER_OF_PROCESSORS=2}}]
12:35:25.189 [Test worker] DEBUG org.springframework.web.servlet.mvc.method.annotation.RequestMappingHandlerMapping - Looking for request mappings in application context: org.springframework.test.web.servlet.setup.StubWebApplicationContext@4703beb1
12:35:25.228 [Test worker] DEBUG org.springframework.web.servlet.mvc.method.annotation.RequestMappingHandlerMapping - 4 request handler methods found on class app.controller.ServiceController: {public app.rest.RestResponse app.controller.ServiceController.getUser(int)={[/{id}],methods=[GET],produces=[application/json]}, public app.rest.RestResponse app.controller.ServiceController.saveUser(app.model.User)={[],methods=[POST],produces=[application/json]}, public app.rest.RestResponse app.controller.ServiceController.deleteUser(int)={[/{id}],methods=[DELETE],produces=[application/json]}, public app.rest.RestResponse app.controller.ServiceController.updateUser(app.model.User)={[],methods=[PUT],produces=[application/json]}}
12:35:25.228 [Test worker] INFO org.springframework.web.servlet.mvc.method.annotation.RequestMappingHandlerMapping - Mapped &quot;{[/{id}],methods=[GET],produces=[application/json]}&quot; onto public app.rest.RestResponse&lt;app.model.User&gt; app.controller.ServiceController.getUser(int)
12:35:25.709 [Test worker] INFO org.springframework.web.servlet.mvc.method.annotation.RequestMappingHandlerMapping - Mapped &quot;{[],methods=[POST],produces=[application/json]}&quot; onto public app.rest.RestResponse app.controller.ServiceController.saveUser(app.model.User)
12:35:25.719 [Test worker] INFO org.springframework.web.servlet.mvc.method.annotation.RequestMappingHandlerMapping - Mapped &quot;{[/{id}],methods=[DELETE],produces=[application/json]}&quot; onto public app.rest.RestResponse app.controller.ServiceController.deleteUser(int)
12:35:25.719 [Test worker] INFO org.springframework.web.servlet.mvc.method.annotation.RequestMappingHandlerMapping - Mapped &quot;{[],methods=[PUT],produces=[application/json]}&quot; onto public app.rest.RestResponse app.controller.ServiceController.updateUser(app.model.User)
12:35:25.893 [Test worker] DEBUG org.hibernate.validator.internal.engine.resolver.TraversableResolvers - Cannot find javax.persistence.Persistence on classpath. Assuming non JPA 2 environment. All properties will per default be traversable.
12:35:25.893 [Test worker] DEBUG org.hibernate.validator.messageinterpolation.ResourceBundleMessageInterpolator - Loaded expression factory via original TCCL
12:35:25.903 [Test worker] DEBUG org.hibernate.validator.internal.engine.ConfigurationImpl - Setting custom MessageInterpolator of type org.springframework.validation.beanvalidation.LocaleContextMessageInterpolator
12:35:25.903 [Test worker] DEBUG org.hibernate.validator.internal.engine.ConfigurationImpl - Setting custom ParameterNameProvider of type org.springframework.validation.beanvalidation.LocalValidatorFactoryBean$1
12:35:25.913 [Test worker] DEBUG org.hibernate.validator.internal.xml.config.ValidationXmlParser - Trying to load META-INF/validation.xml for XML based Validator configuration.
12:35:25.913 [Test worker] DEBUG org.hibernate.validator.internal.xml.config.ResourceLoaderHelper - Trying to load META-INF/validation.xml via TCCL
12:35:25.913 [Test worker] DEBUG org.hibernate.validator.internal.xml.config.ResourceLoaderHelper - Trying to load META-INF/validation.xml via Hibernate Validator's class loader
12:35:25.921 [Test worker] DEBUG org.hibernate.validator.internal.xml.config.ValidationXmlParser - No META-INF/validation.xml found. Using annotation based configuration only.
12:35:26.054 [Test worker] DEBUG org.hibernate.validator.internal.engine.ValidatorFactoryImpl - HV000234: Using org.springframework.validation.beanvalidation.LocaleContextMessageInterpolator as ValidatorFactory-scoped message interpolator.
12:35:26.056 [Test worker] DEBUG org.hibernate.validator.internal.engine.ValidatorFactoryImpl - HV000234: Using org.hibernate.validator.internal.engine.resolver.TraverseAllTraversableResolver as ValidatorFactory-scoped traversable resolver.
12:35:26.056 [Test worker] DEBUG org.hibernate.validator.internal.engine.ValidatorFactoryImpl - HV000234: Using org.hibernate.validator.internal.util.ExecutableParameterNameProvider as ValidatorFactory-scoped parameter name provider.
12:35:26.056 [Test worker] DEBUG org.hibernate.validator.internal.engine.ValidatorFactoryImpl - HV000234: Using org.hibernate.validator.internal.engine.DefaultClockProvider as ValidatorFactory-scoped clock provider.
12:35:26.056 [Test worker] DEBUG org.hibernate.validator.internal.engine.ValidatorFactoryImpl - HV000234: Using org.hibernate.validator.internal.engine.scripting.DefaultScriptEvaluatorFactory as ValidatorFactory-scoped script evaluator factory.
12:35:26.105 [Test worker] INFO org.springframework.web.servlet.mvc.method.annotation.RequestMappingHandlerAdapter - Looking for @ControllerAdvice: org.springframework.test.web.servlet.setup.StubWebApplicationContext@4703beb1
12:35:26.168 [Test worker] DEBUG org.springframework.web.servlet.mvc.method.annotation.ExceptionHandlerExceptionResolver - Looking for exception mappings: org.springframework.test.web.servlet.setup.StubWebApplicationContext@4703beb1
12:35:26.198 [Test worker] DEBUG org.springframework.test.web.servlet.TestDispatcherServlet - Initializing servlet ''
12:35:26.209 [Test worker] INFO org.springframework.mock.web.MockServletContext - Initializing Spring FrameworkServlet ''
12:35:26.209 [Test worker] INFO org.springframework.test.web.servlet.TestDispatcherServlet - FrameworkServlet '': initialization started
12:35:26.209 [Test worker] DEBUG org.springframework.test.web.servlet.TestDispatcherServlet - Unable to locate MultipartResolver with name 'multipartResolver': no multipart request handling provided
12:35:26.209 [Test worker] DEBUG org.springframework.test.web.servlet.TestDispatcherServlet - Using LocaleResolver [org.springframework.web.servlet.i18n.AcceptHeaderLocaleResolver@74ad07a7]
12:35:26.209 [Test worker] DEBUG org.springframework.test.web.servlet.TestDispatcherServlet - Using ThemeResolver [org.springframework.web.servlet.theme.FixedThemeResolver@2bcc38c0]
12:35:26.217 [Test worker] DEBUG org.springframework.test.web.servlet.TestDispatcherServlet - Using RequestToViewNameTranslator [org.springframework.web.servlet.view.DefaultRequestToViewNameTranslator@3b839b40]
12:35:26.219 [Test worker] DEBUG org.springframework.test.web.servlet.TestDispatcherServlet - Using FlashMapManager [org.springframework.web.servlet.support.SessionFlashMapManager@6530e0e0]
12:35:26.219 [Test worker] DEBUG org.springframework.test.web.servlet.TestDispatcherServlet - Published WebApplicationContext of servlet '' as ServletContext attribute with name [org.springframework.web.servlet.FrameworkServlet.CONTEXT.]
12:35:26.219 [Test worker] INFO org.springframework.test.web.servlet.TestDispatcherServlet - FrameworkServlet '': initialization completed in 10 ms
12:35:26.219 [Test worker] DEBUG org.springframework.test.web.servlet.TestDispatcherServlet - Servlet '' configured successfully
12:35:26.239 [Test worker] DEBUG org.springframework.test.web.servlet.TestDispatcherServlet - DispatcherServlet with name '' processing PUT request for [/user]
12:35:26.239 [Test worker] DEBUG org.springframework.web.servlet.mvc.method.annotation.RequestMappingHandlerMapping - Looking up handler method for path /user
12:35:26.247 [Test worker] DEBUG org.springframework.web.servlet.mvc.method.annotation.RequestMappingHandlerMapping - Returning handler method [public app.rest.RestResponse app.controller.ServiceController.updateUser(app.model.User)]
12:35:26.258 [Test worker] DEBUG org.springframework.web.servlet.mvc.method.annotation.RequestResponseBodyMethodProcessor - Read [class app.model.User] as &quot;application/json;charset=UTF-8&quot; with [org.springframework.http.converter.json.MappingJackson2HttpMessageConverter@793c43de]
12:35:26.270 [Test worker] DEBUG org.springframework.web.servlet.mvc.method.annotation.RequestResponseBodyMethodProcessor - Written [app.rest.RestResponse@1402aaa5] as &quot;application/json&quot; using [org.springframework.http.converter.json.MappingJackson2HttpMessageConverter@793c43de]
12:35:26.321 [Test worker] DEBUG org.springframework.test.web.servlet.TestDispatcherServlet - Null ModelAndView returned to DispatcherServlet with name '': assuming HandlerAdapter completed request handling
12:35:26.321 [Test worker] DEBUG org.springframework.test.web.servlet.TestDispatcherServlet - Successfully completed request
12:35:27.687 [Test worker] DEBUG com.jayway.jsonpath.internal.path.CompiledPath - Evaluating path: $['success']
</pre>
</span>
</div>
</div>
<div id="footer">
<p>
<div>
<label class="hidden" id="label-for-line-wrapping-toggle" for="line-wrapping-toggle">Wrap lines
<input id="line-wrapping-toggle" type="checkbox" autocomplete="off"/>
</label>
</div>Generated by 
<a href="http://www.gradle.org">Gradle 6.9</a> at Aug 5, 2021, 12:35:29 PM</p>
</div>
</div>
</body>
</html>
